[DEBUG] [Étape ignorée] Cette opération de mise à jour a déjà été appliquée : \phpbb\db\migration\data\v30x\local_url_bbcode
[DEBUG] [Étape ignorée] Cette opération de mise à jour a déjà été appliquée : \phpbb\db\migration\data\v30x\release_3_0_0
[DEBUG] [Étape ignorée] Cette opération de mise à jour a déjà été appliquée : \phpbb\db\migration\data\v30x\release_3_0_1
[DEBUG] [Étape ignorée] Cette opération de mise à jour a déjà été appliquée : \phpbb\db\migration\data\v30x\release_3_0_10
[DEBUG] [Étape ignorée] Cette opération de mise à jour a déjà été appliquée : \phpbb\db\migration\data\v30x\release_3_0_10_rc1
[DEBUG] [Étape ignorée] Cette opération de mise à jour a déjà été appliquée : \phpbb\db\migration\data\v30x\release_3_0_10_rc2
[DEBUG] [Étape ignorée] Cette opération de mise à jour a déjà été appliquée : \phpbb\db\migration\data\v30x\release_3_0_10_rc3
[DEBUG] [Étape ignorée] Cette opération de mise à jour a déjà été appliquée : \phpbb\db\migration\data\v30x\release_3_0_11
[DEBUG] [Étape ignorée] Cette opération de mise à jour a déjà été appliquée : \phpbb\db\migration\data\v30x\release_3_0_11_rc1
[DEBUG] [Étape ignorée] Cette opération de mise à jour a déjà été appliquée : \phpbb\db\migration\data\v30x\release_3_0_11_rc2
[DEBUG] [Étape ignorée] Cette opération de mise à jour a déjà été appliquée : \phpbb\db\migration\data\v30x\release_3_0_12
[DEBUG] [Étape ignorée] Cette opération de mise à jour a déjà été appliquée : \phpbb\db\migration\data\v30x\release_3_0_12_rc1
[DEBUG] [Étape ignorée] Cette opération de mise à jour a déjà été appliquée : \phpbb\db\migration\data\v30x\release_3_0_12_rc2
[DEBUG] [Étape ignorée] Cette opération de mise à jour a déjà été appliquée : \phpbb\db\migration\data\v30x\release_3_0_12_rc3
[DEBUG] [Étape ignorée] Cette opération de mise à jour a déjà été appliquée : \phpbb\db\migration\data\v30x\release_3_0_13
[DEBUG] [Étape ignorée] Cette opération de mise à jour a déjà été appliquée : \phpbb\db\migration\data\v30x\release_3_0_13_pl1
[DEBUG] [Étape ignorée] Cette opération de mise à jour a déjà été appliquée : \phpbb\db\migration\data\v30x\release_3_0_13_rc1
[DEBUG] [Étape ignorée] Cette opération de mise à jour a déjà été appliquée : \phpbb\db\migration\data\v30x\release_3_0_14
[DEBUG] [Étape ignorée] Cette opération de mise à jour a déjà été appliquée : \phpbb\db\migration\data\v30x\release_3_0_14_rc1
[DEBUG] [Étape ignorée] Cette opération de mise à jour a déjà été appliquée : \phpbb\db\migration\data\v30x\release_3_0_1_rc1
[DEBUG] [Étape ignorée] Cette opération de mise à jour a déjà été appliquée : \phpbb\db\migration\data\v30x\release_3_0_2
[DEBUG] [Étape ignorée] Cette opération de mise à jour a déjà été appliquée : \phpbb\db\migration\data\v30x\release_3_0_2_rc1
[DEBUG] [Étape ignorée] Cette opération de mise à jour a déjà été appliquée : \phpbb\db\migration\data\v30x\release_3_0_2_rc2
[DEBUG] [Étape ignorée] Cette opération de mise à jour a déjà été appliquée : \phpbb\db\migration\data\v30x\release_3_0_3
[DEBUG] [Étape ignorée] Cette opération de mise à jour a déjà été appliquée : \phpbb\db\migration\data\v30x\release_3_0_3_rc1
[DEBUG] [Étape ignorée] Cette opération de mise à jour a déjà été appliquée : \phpbb\db\migration\data\v30x\release_3_0_4
[DEBUG] [Étape ignorée] Cette opération de mise à jour a déjà été appliquée : \phpbb\db\migration\data\v30x\release_3_0_4_rc1
[DEBUG] [Étape ignorée] Cette opération de mise à jour a déjà été appliquée : \phpbb\db\migration\data\v30x\release_3_0_5
[DEBUG] [Étape ignorée] Cette opération de mise à jour a déjà été appliquée : \phpbb\db\migration\data\v30x\release_3_0_5_rc1
[DEBUG] [Étape ignorée] Cette opération de mise à jour a déjà été appliquée : \phpbb\db\migration\data\v30x\release_3_0_5_rc1part2
[DEBUG] [Étape ignorée] Cette opération de mise à jour a déjà été appliquée : \phpbb\db\migration\data\v30x\release_3_0_6
[DEBUG] [Étape ignorée] Cette opération de mise à jour a déjà été appliquée : \phpbb\db\migration\data\v30x\release_3_0_6_rc1
[DEBUG] [Étape ignorée] Cette opération de mise à jour a déjà été appliquée : \phpbb\db\migration\data\v30x\release_3_0_6_rc2
[DEBUG] [Étape ignorée] Cette opération de mise à jour a déjà été appliquée : \phpbb\db\migration\data\v30x\release_3_0_6_rc3
[DEBUG] [Étape ignorée] Cette opération de mise à jour a déjà été appliquée : \phpbb\db\migration\data\v30x\release_3_0_6_rc4
[DEBUG] [Étape ignorée] Cette opération de mise à jour a déjà été appliquée : \phpbb\db\migration\data\v30x\release_3_0_7
[DEBUG] [Étape ignorée] Cette opération de mise à jour a déjà été appliquée : \phpbb\db\migration\data\v30x\release_3_0_7_pl1
[DEBUG] [Étape ignorée] Cette opération de mise à jour a déjà été appliquée : \phpbb\db\migration\data\v30x\release_3_0_7_rc1
[DEBUG] [Étape ignorée] Cette opération de mise à jour a déjà été appliquée : \phpbb\db\migration\data\v30x\release_3_0_7_rc2
[DEBUG] [Étape ignorée] Cette opération de mise à jour a déjà été appliquée : \phpbb\db\migration\data\v30x\release_3_0_8
[DEBUG] [Étape ignorée] Cette opération de mise à jour a déjà été appliquée : \phpbb\db\migration\data\v30x\release_3_0_8_rc1
[DEBUG] [Étape ignorée] Cette opération de mise à jour a déjà été appliquée : \phpbb\db\migration\data\v30x\release_3_0_9
[DEBUG] [Étape ignorée] Cette opération de mise à jour a déjà été appliquée : \phpbb\db\migration\data\v30x\release_3_0_9_rc1
[DEBUG] [Étape ignorée] Cette opération de mise à jour a déjà été appliquée : \phpbb\db\migration\data\v30x\release_3_0_9_rc2
[DEBUG] [Étape ignorée] Cette opération de mise à jour a déjà été appliquée : \phpbb\db\migration\data\v30x\release_3_0_9_rc3
[DEBUG] [Étape ignorée] Cette opération de mise à jour a déjà été appliquée : \phpbb\db\migration\data\v30x\release_3_0_9_rc4
[DEBUG] [Étape ignorée] Cette opération de mise à jour a déjà été appliquée : \phpbb\db\migration\data\v310\acp_prune_users_module
[DEBUG] [Étape ignorée] Cette opération de mise à jour a déjà été appliquée : \phpbb\db\migration\data\v310\acp_style_components_module
[DEBUG] [Étape ignorée] Cette opération de mise à jour a déjà été appliquée : \phpbb\db\migration\data\v310\allow_cdn
[DEBUG] [Étape ignorée] Cette opération de mise à jour a déjà été appliquée : \phpbb\db\migration\data\v310\alpha1
[DEBUG] [Étape ignorée] Cette opération de mise à jour a déjà été appliquée : \phpbb\db\migration\data\v310\alpha2
[DEBUG] [Étape ignorée] Cette opération de mise à jour a déjà été appliquée : \phpbb\db\migration\data\v310\alpha3
[DEBUG] [Étape ignorée] Cette opération de mise à jour a déjà été appliquée : \phpbb\db\migration\data\v310\auth_provider_oauth
[DEBUG] [Étape ignorée] Cette opération de mise à jour a déjà été appliquée : \phpbb\db\migration\data\v310\auth_provider_oauth2
[DEBUG] [Étape ignorée] Cette opération de mise à jour a déjà été appliquée : \phpbb\db\migration\data\v310\avatars
[DEBUG] [Étape ignorée] Cette opération de mise à jour a déjà été appliquée : \phpbb\db\migration\data\v310\avatar_types
[DEBUG] [Étape ignorée] Cette opération de mise à jour a déjà été appliquée : \phpbb\db\migration\data\v310\beta1
[DEBUG] [Étape ignorée] Cette opération de mise à jour a déjà été appliquée : \phpbb\db\migration\data\v310\beta2
[DEBUG] [Étape ignorée] Cette opération de mise à jour a déjà été appliquée : \phpbb\db\migration\data\v310\beta3
[DEBUG] [Étape ignorée] Cette opération de mise à jour a déjà été appliquée : \phpbb\db\migration\data\v310\beta4
[DEBUG] [Étape ignorée] Cette opération de mise à jour a déjà été appliquée : \phpbb\db\migration\data\v310\boardindex
[DEBUG] [Étape ignorée] Cette opération de mise à jour a déjà été appliquée : \phpbb\db\migration\data\v310\board_contact_name
[DEBUG] [Étape ignorée] Cette opération de mise à jour a déjà été appliquée : \phpbb\db\migration\data\v310\bot_update
[DEBUG] [Étape ignorée] Cette opération de mise à jour a déjà été appliquée : \phpbb\db\migration\data\v310\captcha_plugins
[DEBUG] [Étape ignorée] Cette opération de mise à jour a déjà été appliquée : \phpbb\db\migration\data\v310\config_db_text
[DEBUG] [Étape ignorée] Cette opération de mise à jour a déjà été appliquée : \phpbb\db\migration\data\v310\contact_admin_acp_module
[DEBUG] [Étape ignorée] Cette opération de mise à jour a déjà été appliquée : \phpbb\db\migration\data\v310\contact_admin_form
[DEBUG] [Étape ignorée] Cette opération de mise à jour a déjà été appliquée : \phpbb\db\migration\data\v310\dev
[DEBUG] [Étape ignorée] Cette opération de mise à jour a déjà été appliquée : \phpbb\db\migration\data\v310\extensions
[DEBUG] [Étape ignorée] Cette opération de mise à jour a déjà été appliquée : \phpbb\db\migration\data\v310\extensions_version_check_force_unstable
[DEBUG] [Étape ignorée] Cette opération de mise à jour a déjà été appliquée : \phpbb\db\migration\data\v310\forgot_password
[DEBUG] [Étape ignorée] Cette opération de mise à jour a déjà été appliquée : \phpbb\db\migration\data\v310\gold
[DEBUG] [Étape ignorée] Cette opération de mise à jour a déjà été appliquée : \phpbb\db\migration\data\v310\jquery_update
[DEBUG] [Étape ignorée] Cette opération de mise à jour a déjà été appliquée : \phpbb\db\migration\data\v310\jquery_update2
[DEBUG] [Étape ignorée] Cette opération de mise à jour a déjà été appliquée : \phpbb\db\migration\data\v310\live_searches_config
[DEBUG] [Étape ignorée] Cette opération de mise à jour a déjà été appliquée : \phpbb\db\migration\data\v310\migrations_table
[DEBUG] [Étape ignorée] Cette opération de mise à jour a déjà été appliquée : \phpbb\db\migration\data\v310\mod_rewrite
[DEBUG] [Étape ignorée] Cette opération de mise à jour a déjà été appliquée : \phpbb\db\migration\data\v310\mysql_fulltext_drop
[DEBUG] [Étape ignorée] Cette opération de mise à jour a déjà été appliquée : \phpbb\db\migration\data\v310\namespaces
[DEBUG] [Étape ignorée] Cette opération de mise à jour a déjà été appliquée : \phpbb\db\migration\data\v310\notifications
[DEBUG] [Étape ignorée] Cette opération de mise à jour a déjà été appliquée : \phpbb\db\migration\data\v310\notifications_cron
[DEBUG] [Étape ignorée] Cette opération de mise à jour a déjà été appliquée : \phpbb\db\migration\data\v310\notifications_cron_p2
[DEBUG] [Étape ignorée] Cette opération de mise à jour a déjà été appliquée : \phpbb\db\migration\data\v310\notifications_schema_fix
[DEBUG] [Étape ignorée] Cette opération de mise à jour a déjà été appliquée : \phpbb\db\migration\data\v310\notifications_use_full_name
[DEBUG] [Étape ignorée] Cette opération de mise à jour a déjà été appliquée : \phpbb\db\migration\data\v310\notification_options_reconvert
[DEBUG] [Étape ignorée] Cette opération de mise à jour a déjà été appliquée : \phpbb\db\migration\data\v310\passwords
[DEBUG] [Étape ignorée] Cette opération de mise à jour a déjà été appliquée : \phpbb\db\migration\data\v310\passwords_convert_p1
[DEBUG] [Étape ignorée] Cette opération de mise à jour a déjà été appliquée : \phpbb\db\migration\data\v310\passwords_convert_p2
[DEBUG] [Étape ignorée] Cette opération de mise à jour a déjà été appliquée : \phpbb\db\migration\data\v310\passwords_p2
[DEBUG] [Étape ignorée] Cette opération de mise à jour a déjà été appliquée : \phpbb\db\migration\data\v310\plupload
[DEBUG] [Étape ignorée] Cette opération de mise à jour a déjà été appliquée : \phpbb\db\migration\data\v310\postgres_fulltext_drop
[DEBUG] [Étape ignorée] Cette opération de mise à jour a déjà été appliquée : \phpbb\db\migration\data\v310\profilefield_aol
[DEBUG] [Étape ignorée] Cette opération de mise à jour a déjà été appliquée : \phpbb\db\migration\data\v310\profilefield_aol_cleanup
[DEBUG] [Étape ignorée] Cette opération de mise à jour a déjà été appliquée : \phpbb\db\migration\data\v310\profilefield_change_load_settings
[DEBUG] [Étape ignorée] Cette opération de mise à jour a déjà été appliquée : \phpbb\db\migration\data\v310\profilefield_cleanup
[DEBUG] [Étape ignorée] Cette opération de mise à jour a déjà été appliquée : \phpbb\db\migration\data\v310\profilefield_contact_field
[DEBUG] [Étape ignorée] Cette opération de mise à jour a déjà été appliquée : \phpbb\db\migration\data\v310\profilefield_facebook
[DEBUG] [Étape ignorée] Cette opération de mise à jour a déjà été appliquée : \phpbb\db\migration\data\v310\profilefield_field_validation_length
[DEBUG] [Étape ignorée] Cette opération de mise à jour a déjà été appliquée : \phpbb\db\migration\data\v310\profilefield_googleplus
[DEBUG] [Étape ignorée] Cette opération de mise à jour a déjà été appliquée : \phpbb\db\migration\data\v310\profilefield_icq
[DEBUG] [Étape ignorée] Cette opération de mise à jour a déjà été appliquée : \phpbb\db\migration\data\v310\profilefield_icq_cleanup
[DEBUG] [Étape ignorée] Cette opération de mise à jour a déjà été appliquée : \phpbb\db\migration\data\v310\profilefield_interests
[DEBUG] [Étape ignorée] Cette opération de mise à jour a déjà été appliquée : \phpbb\db\migration\data\v310\profilefield_location
[DEBUG] [Étape ignorée] Cette opération de mise à jour a déjà été appliquée : \phpbb\db\migration\data\v310\profilefield_location_cleanup
[DEBUG] [Étape ignorée] Cette opération de mise à jour a déjà été appliquée : \phpbb\db\migration\data\v310\profilefield_occupation
[DEBUG] [Étape ignorée] Cette opération de mise à jour a déjà été appliquée : \phpbb\db\migration\data\v310\profilefield_on_memberlist
[DEBUG] [Étape ignorée] Cette opération de mise à jour a déjà été appliquée : \phpbb\db\migration\data\v310\profilefield_show_novalue
[DEBUG] [Étape ignorée] Cette opération de mise à jour a déjà été appliquée : \phpbb\db\migration\data\v310\profilefield_skype
[DEBUG] [Étape ignorée] Cette opération de mise à jour a déjà été appliquée : \phpbb\db\migration\data\v310\profilefield_twitter
[DEBUG] [Étape ignorée] Cette opération de mise à jour a déjà été appliquée : \phpbb\db\migration\data\v310\profilefield_types
[DEBUG] [Étape ignorée] Cette opération de mise à jour a déjà été appliquée : \phpbb\db\migration\data\v310\profilefield_website
[DEBUG] [Étape ignorée] Cette opération de mise à jour a déjà été appliquée : \phpbb\db\migration\data\v310\profilefield_website_cleanup
[DEBUG] [Étape ignorée] Cette opération de mise à jour a déjà été appliquée : \phpbb\db\migration\data\v310\profilefield_wlm
[DEBUG] [Étape ignorée] Cette opération de mise à jour a déjà été appliquée : \phpbb\db\migration\data\v310\profilefield_wlm_cleanup
[DEBUG] [Étape ignorée] Cette opération de mise à jour a déjà été appliquée : \phpbb\db\migration\data\v310\profilefield_yahoo
[DEBUG] [Étape ignorée] Cette opération de mise à jour a déjà été appliquée : \phpbb\db\migration\data\v310\profilefield_yahoo_cleanup
[DEBUG] [Étape ignorée] Cette opération de mise à jour a déjà été appliquée : \phpbb\db\migration\data\v310\profilefield_youtube
[DEBUG] [Étape ignorée] Cette opération de mise à jour a déjà été appliquée : \phpbb\db\migration\data\v310\prune_shadow_topics
[DEBUG] [Étape ignorée] Cette opération de mise à jour a déjà été appliquée : \phpbb\db\migration\data\v310\rc1
[DEBUG] [Étape ignorée] Cette opération de mise à jour a déjà été appliquée : \phpbb\db\migration\data\v310\rc2
[DEBUG] [Étape ignorée] Cette opération de mise à jour a déjà été appliquée : \phpbb\db\migration\data\v310\rc3
[DEBUG] [Étape ignorée] Cette opération de mise à jour a déjà été appliquée : \phpbb\db\migration\data\v310\rc4
[DEBUG] [Étape ignorée] Cette opération de mise à jour a déjà été appliquée : \phpbb\db\migration\data\v310\rc5
[DEBUG] [Étape ignorée] Cette opération de mise à jour a déjà été appliquée : \phpbb\db\migration\data\v310\rc6
[DEBUG] [Étape ignorée] Cette opération de mise à jour a déjà été appliquée : \phpbb\db\migration\data\v310\remove_acp_styles_cache
[DEBUG] [Étape ignorée] Cette opération de mise à jour a déjà été appliquée : \phpbb\db\migration\data\v310\rename_too_long_indexes
[DEBUG] [Étape ignorée] Cette opération de mise à jour a déjà été appliquée : \phpbb\db\migration\data\v310\reported_posts_display
[DEBUG] [Étape ignorée] Cette opération de mise à jour a déjà été appliquée : \phpbb\db\migration\data\v310\reset_missing_captcha_plugin
[DEBUG] [Étape ignorée] Cette opération de mise à jour a déjà été appliquée : \phpbb\db\migration\data\v310\search_type
[DEBUG] [Étape ignorée] Cette opération de mise à jour a déjà été appliquée : \phpbb\db\migration\data\v310\signature_module_auth
[DEBUG] [Étape ignorée] Cette opération de mise à jour a déjà été appliquée : \phpbb\db\migration\data\v310\softdelete_mcp_modules
[DEBUG] [Étape ignorée] Cette opération de mise à jour a déjà été appliquée : \phpbb\db\migration\data\v310\softdelete_p1
[DEBUG] [Étape ignorée] Cette opération de mise à jour a déjà été appliquée : \phpbb\db\migration\data\v310\softdelete_p2
[DEBUG] [Étape ignorée] Cette opération de mise à jour a déjà été appliquée : \phpbb\db\migration\data\v310\soft_delete_mod_convert
[DEBUG] [Étape ignorée] Cette opération de mise à jour a déjà été appliquée : \phpbb\db\migration\data\v310\soft_delete_mod_convert2
[DEBUG] [Étape ignorée] Cette opération de mise à jour a déjà été appliquée : \phpbb\db\migration\data\v310\style_update_p1
[DEBUG] [Étape ignorée] Cette opération de mise à jour a déjà été appliquée : \phpbb\db\migration\data\v310\style_update_p2
[DEBUG] [Étape ignorée] Cette opération de mise à jour a déjà été appliquée : \phpbb\db\migration\data\v310\teampage
[DEBUG] [Étape ignorée] Cette opération de mise à jour a déjà été appliquée : \phpbb\db\migration\data\v310\timezone
[DEBUG] [Étape ignorée] Cette opération de mise à jour a déjà été appliquée : \phpbb\db\migration\data\v310\timezone_p2
[DEBUG] [Étape ignorée] Cette opération de mise à jour a déjà été appliquée : \phpbb\db\migration\data\v310\topic_sort_username
[DEBUG] [Étape ignorée] Cette opération de mise à jour a déjà été appliquée : \phpbb\db\migration\data\v310\ucp_popuppm_module
[DEBUG] [Étape ignorée] Cette opération de mise à jour a déjà été appliquée : \phpbb\db\migration\data\v31x\add_jabber_ssl_context_config_options
[DEBUG] [Étape ignorée] Cette opération de mise à jour a déjà été appliquée : \phpbb\db\migration\data\v31x\add_latest_topics_index
[DEBUG] [Étape ignorée] Cette opération de mise à jour a déjà été appliquée : \phpbb\db\migration\data\v31x\add_log_time_index
[DEBUG] [Étape ignorée] Cette opération de mise à jour a déjà été appliquée : \phpbb\db\migration\data\v31x\add_smtp_ssl_context_config_options
[DEBUG] [Étape ignorée] Cette opération de mise à jour a déjà été appliquée : \phpbb\db\migration\data\v31x\increase_size_of_dateformat
[DEBUG] [Étape ignorée] Cette opération de mise à jour a déjà été appliquée : \phpbb\db\migration\data\v31x\increase_size_of_emotion
[DEBUG] [Étape ignorée] Cette opération de mise à jour a déjà été appliquée : \phpbb\db\migration\data\v31x\m_pm_report
[DEBUG] [Étape ignorée] Cette opération de mise à jour a déjà été appliquée : \phpbb\db\migration\data\v31x\m_softdelete_global
[DEBUG] [Étape ignorée] Cette opération de mise à jour a déjà été appliquée : \phpbb\db\migration\data\v31x\plupload_last_gc_dynamic
[DEBUG] [Étape ignorée] Cette opération de mise à jour a déjà été appliquée : \phpbb\db\migration\data\v31x\profilefield_remove_underscore_from_alpha
[DEBUG] [Étape ignorée] Cette opération de mise à jour a déjà été appliquée : \phpbb\db\migration\data\v31x\profilefield_yahoo_update_url
[DEBUG] [Étape ignorée] Cette opération de mise à jour a déjà été appliquée : \phpbb\db\migration\data\v31x\remove_duplicate_migrations
[DEBUG] [Étape ignorée] Cette opération de mise à jour a déjà été appliquée : \phpbb\db\migration\data\v31x\style_update
[DEBUG] [Étape ignorée] Cette opération de mise à jour a déjà été appliquée : \phpbb\db\migration\data\v31x\update_custom_bbcodes_with_idn
[DEBUG] [Étape ignorée] Cette opération de mise à jour a déjà été appliquée : \phpbb\db\migration\data\v31x\update_hashes
[DEBUG] [Étape ignorée] Cette opération de mise à jour a déjà été appliquée : \phpbb\db\migration\data\v31x\v311
[DEBUG] [Étape ignorée] Cette opération de mise à jour a déjà été appliquée : \phpbb\db\migration\data\v31x\v3110
[DEBUG] [Étape ignorée] Cette opération de mise à jour a déjà été appliquée : \phpbb\db\migration\data\v31x\v3110rc1
[DEBUG] [Étape ignorée] Cette opération de mise à jour a déjà été appliquée : \phpbb\db\migration\data\v31x\v3111
[DEBUG] [Étape ignorée] Cette opération de mise à jour a déjà été appliquée : \phpbb\db\migration\data\v31x\v3111rc1
[DEBUG] [Étape ignorée] Cette opération de mise à jour a déjà été appliquée : \phpbb\db\migration\data\v31x\v3112
[DEBUG] [Étape ignorée] Cette opération de mise à jour a déjà été appliquée : \phpbb\db\migration\data\v31x\v312
[DEBUG] [Étape ignorée] Cette opération de mise à jour a déjà été appliquée : \phpbb\db\migration\data\v31x\v312rc1
[DEBUG] [Étape ignorée] Cette opération de mise à jour a déjà été appliquée : \phpbb\db\migration\data\v31x\v313
[DEBUG] [Étape ignorée] Cette opération de mise à jour a déjà été appliquée : \phpbb\db\migration\data\v31x\v313rc1
[DEBUG] [Étape ignorée] Cette opération de mise à jour a déjà été appliquée : \phpbb\db\migration\data\v31x\v313rc2
[DEBUG] [Étape ignorée] Cette opération de mise à jour a déjà été appliquée : \phpbb\db\migration\data\v31x\v314
[DEBUG] [Étape ignorée] Cette opération de mise à jour a déjà été appliquée : \phpbb\db\migration\data\v31x\v314rc1
[DEBUG] [Étape ignorée] Cette opération de mise à jour a déjà été appliquée : \phpbb\db\migration\data\v31x\v314rc2
[DEBUG] [Étape ignorée] Cette opération de mise à jour a déjà été appliquée : \phpbb\db\migration\data\v31x\v315
[DEBUG] [Étape ignorée] Cette opération de mise à jour a déjà été appliquée : \phpbb\db\migration\data\v31x\v315rc1
[DEBUG] [Étape ignorée] Cette opération de mise à jour a déjà été appliquée : \phpbb\db\migration\data\v31x\v316
[DEBUG] [Étape ignorée] Cette opération de mise à jour a déjà été appliquée : \phpbb\db\migration\data\v31x\v316rc1
[DEBUG] [Étape ignorée] Cette opération de mise à jour a déjà été appliquée : \phpbb\db\migration\data\v31x\v317
[DEBUG] [Étape ignorée] Cette opération de mise à jour a déjà été appliquée : \phpbb\db\migration\data\v31x\v317pl1
[DEBUG] [Étape ignorée] Cette opération de mise à jour a déjà été appliquée : \phpbb\db\migration\data\v31x\v317rc1
[DEBUG] [Étape ignorée] Cette opération de mise à jour a déjà été appliquée : \phpbb\db\migration\data\v31x\v318
[DEBUG] [Étape ignorée] Cette opération de mise à jour a déjà été appliquée : \phpbb\db\migration\data\v31x\v318rc1
[DEBUG] [Étape ignorée] Cette opération de mise à jour a déjà été appliquée : \phpbb\db\migration\data\v31x\v319
[DEBUG] [Étape ignorée] Cette opération de mise à jour a déjà été appliquée : \phpbb\db\migration\data\v31x\v319rc1
[DEBUG] [Étape ignorée] Cette opération de mise à jour a déjà été appliquée : \phpbb\db\migration\data\v320\add_help_phpbb
[DEBUG] [Étape ignorée] Cette opération de mise à jour a déjà été appliquée : \phpbb\db\migration\data\v320\allowed_schemes_links
[DEBUG] [Étape ignorée] Cette opération de mise à jour a déjà été appliquée : \phpbb\db\migration\data\v320\announce_global_permission
[DEBUG] [Étape ignorée] Cette opération de mise à jour a déjà été appliquée : \phpbb\db\migration\data\v320\cookie_notice
[DEBUG] [Étape ignorée] Cette opération de mise à jour a déjà été appliquée : \phpbb\db\migration\data\v320\default_data_type_ids
[DEBUG] [Étape ignorée] Cette opération de mise à jour a déjà été appliquée : \phpbb\db\migration\data\v320\dev
[DEBUG] [Étape ignorée] Cette opération de mise à jour a déjà été appliquée : \phpbb\db\migration\data\v320\font_awesome_update
[DEBUG] [Étape ignorée] Cette opération de mise à jour a déjà été appliquée : \phpbb\db\migration\data\v320\icons_alt
[DEBUG] [Étape ignorée] Cette opération de mise à jour a déjà été appliquée : \phpbb\db\migration\data\v320\log_post_id
[DEBUG] [Étape ignorée] Cette opération de mise à jour a déjà été appliquée : \phpbb\db\migration\data\v320\notifications_board
[DEBUG] [Étape ignorée] Cette opération de mise à jour a déjà été appliquée : \phpbb\db\migration\data\v320\oauth_states
[DEBUG] [Étape ignorée] Cette opération de mise à jour a déjà été appliquée : \phpbb\db\migration\data\v320\remote_upload_validation
[DEBUG] [Étape ignorée] Cette opération de mise à jour a déjà été appliquée : \phpbb\db\migration\data\v320\remove_outdated_media
[DEBUG] [Étape ignorée] Cette opération de mise à jour a déjà été appliquée : \phpbb\db\migration\data\v320\remove_profilefield_wlm
[DEBUG] [Étape ignorée] Cette opération de mise à jour a déjà été appliquée : \phpbb\db\migration\data\v320\report_id_auto_increment
[DEBUG] [Étape ignorée] Cette opération de mise à jour a déjà été appliquée : \phpbb\db\migration\data\v320\text_reparser
[DEBUG] [Étape ignorée] Cette opération de mise à jour a déjà été appliquée : \phpbb\db\migration\data\v320\v320
[DEBUG] [Étape ignorée] Cette opération de mise à jour a déjà été appliquée : \phpbb\db\migration\data\v320\v320a1
[DEBUG] [Étape ignorée] Cette opération de mise à jour a déjà été appliquée : \phpbb\db\migration\data\v320\v320a2
[DEBUG] [Étape ignorée] Cette opération de mise à jour a déjà été appliquée : \phpbb\db\migration\data\v320\v320b1
[DEBUG] [Étape ignorée] Cette opération de mise à jour a déjà été appliquée : \phpbb\db\migration\data\v320\v320b2
[DEBUG] [Étape ignorée] Cette opération de mise à jour a déjà été appliquée : \phpbb\db\migration\data\v320\v320rc1
[DEBUG] [Étape ignorée] Cette opération de mise à jour a déjà été appliquée : \phpbb\db\migration\data\v320\v320rc2
[DEBUG] [Étape ignorée] Cette opération de mise à jour a déjà été appliquée : \phpbb\db\migration\data\v32x\add_missing_config
[DEBUG] [Étape ignorée] Cette opération de mise à jour a déjà été appliquée : \phpbb\db\migration\data\v32x\add_plupload_config
[DEBUG] [Étape ignorée] Cette opération de mise à jour a déjà été appliquée : \phpbb\db\migration\data\v32x\cookie_notice_p2
[DEBUG] [Étape ignorée] Cette opération de mise à jour a déjà été appliquée : \phpbb\db\migration\data\v32x\disable_remote_avatar
[DEBUG] [Étape ignorée] Cette opération de mise à jour a déjà été appliquée : \phpbb\db\migration\data\v32x\email_force_sender
[DEBUG] [Étape ignorée] Cette opération de mise à jour a déjà été appliquée : \phpbb\db\migration\data\v32x\enable_accurate_pm_button
[DEBUG] [Étape ignorée] Cette opération de mise à jour a déjà été appliquée : \phpbb\db\migration\data\v32x\fix_user_styles
[DEBUG] [Étape ignorée] Cette opération de mise à jour a déjà été appliquée : \phpbb\db\migration\data\v32x\font_awesome_update_cdn
[DEBUG] [Étape ignorée] Cette opération de mise à jour a déjà été appliquée : \phpbb\db\migration\data\v32x\font_awesome_update_cdn_fix_depends_on
[DEBUG] [Étape ignorée] Cette opération de mise à jour a déjà été appliquée : \phpbb\db\migration\data\v32x\forum_topics_per_page_type
[DEBUG] [Étape ignorée] Cette opération de mise à jour a déjà été appliquée : \phpbb\db\migration\data\v32x\f_list_topics_permission_add
[DEBUG] [Étape ignorée] Cette opération de mise à jour a déjà été appliquée : \phpbb\db\migration\data\v32x\jquery_update
[DEBUG] [Étape ignorée] Cette opération de mise à jour a déjà été appliquée : \phpbb\db\migration\data\v32x\load_user_activity_limit
[DEBUG] [Étape ignorée] Cette opération de mise à jour a déjà été appliquée : \phpbb\db\migration\data\v32x\merge_duplicate_bbcodes
[DEBUG] [Étape ignorée] Cette opération de mise à jour a déjà été appliquée : \phpbb\db\migration\data\v32x\remove_imagick
[DEBUG] [Étape ignorée] Cette opération de mise à jour a déjà été appliquée : \phpbb\db\migration\data\v32x\smtp_dynamic_data
[DEBUG] [Étape ignorée] Cette opération de mise à jour a déjà été appliquée : \phpbb\db\migration\data\v32x\timezone_p3
[DEBUG] [Étape ignorée] Cette opération de mise à jour a déjà été appliquée : \phpbb\db\migration\data\v32x\update_prosilver_bitfield
[DEBUG] [Étape ignorée] Cette opération de mise à jour a déjà été appliquée : \phpbb\db\migration\data\v32x\user_emoji_permission
[DEBUG] [Étape ignorée] Cette opération de mise à jour a déjà été appliquée : \phpbb\db\migration\data\v32x\user_notifications_table_index_p1
[DEBUG] [Étape ignorée] Cette opération de mise à jour a déjà été appliquée : \phpbb\db\migration\data\v32x\user_notifications_table_index_p2
[DEBUG] [Étape ignorée] Cette opération de mise à jour a déjà été appliquée : \phpbb\db\migration\data\v32x\user_notifications_table_index_p3
[DEBUG] [Étape ignorée] Cette opération de mise à jour a déjà été appliquée : \phpbb\db\migration\data\v32x\user_notifications_table_reduce_column_sizes
[DEBUG] [Étape ignorée] Cette opération de mise à jour a déjà été appliquée : \phpbb\db\migration\data\v32x\user_notifications_table_remove_duplicates
[DEBUG] [Étape ignorée] Cette opération de mise à jour a déjà été appliquée : \phpbb\db\migration\data\v32x\user_notifications_table_temp_index
[DEBUG] [Étape ignorée] Cette opération de mise à jour a déjà été appliquée : \phpbb\db\migration\data\v32x\user_notifications_table_unique_index
[DEBUG] [Étape ignorée] Cette opération de mise à jour a déjà été appliquée : \phpbb\db\migration\data\v32x\v321
[DEBUG] [Étape ignorée] Cette opération de mise à jour a déjà été appliquée : \phpbb\db\migration\data\v32x\v3210
[DEBUG] [Étape ignorée] Cette opération de mise à jour a déjà été appliquée : \phpbb\db\migration\data\v32x\v3210rc1
[DEBUG] [Étape ignorée] Cette opération de mise à jour a déjà été appliquée : \phpbb\db\migration\data\v32x\v3210rc2
[DEBUG] [Étape ignorée] Cette opération de mise à jour a déjà été appliquée : \phpbb\db\migration\data\v32x\v3211
[DEBUG] [Étape ignorée] Cette opération de mise à jour a déjà été appliquée : \phpbb\db\migration\data\v32x\v321rc1
[DEBUG] [Étape ignorée] Cette opération de mise à jour a déjà été appliquée : \phpbb\db\migration\data\v32x\v322
[DEBUG] [Étape ignorée] Cette opération de mise à jour a déjà été appliquée : \phpbb\db\migration\data\v32x\v322rc1
[DEBUG] [Étape ignorée] Cette opération de mise à jour a déjà été appliquée : \phpbb\db\migration\data\v32x\v323
[DEBUG] [Étape ignorée] Cette opération de mise à jour a déjà été appliquée : \phpbb\db\migration\data\v32x\v323rc1
[DEBUG] [Étape ignorée] Cette opération de mise à jour a déjà été appliquée : \phpbb\db\migration\data\v32x\v323rc2
[DEBUG] [Étape ignorée] Cette opération de mise à jour a déjà été appliquée : \phpbb\db\migration\data\v32x\v324
[DEBUG] [Étape ignorée] Cette opération de mise à jour a déjà été appliquée : \phpbb\db\migration\data\v32x\v324rc1
[DEBUG] [Étape ignorée] Cette opération de mise à jour a déjà été appliquée : \phpbb\db\migration\data\v32x\v325
[DEBUG] [Étape ignorée] Cette opération de mise à jour a déjà été appliquée : \phpbb\db\migration\data\v32x\v325rc1
[DEBUG] [Étape ignorée] Cette opération de mise à jour a déjà été appliquée : \phpbb\db\migration\data\v32x\v326
[DEBUG] [Étape ignorée] Cette opération de mise à jour a déjà été appliquée : \phpbb\db\migration\data\v32x\v326rc1
[DEBUG] [Étape ignorée] Cette opération de mise à jour a déjà été appliquée : \phpbb\db\migration\data\v32x\v327
[DEBUG] [Étape ignorée] Cette opération de mise à jour a déjà été appliquée : \phpbb\db\migration\data\v32x\v327rc1
[DEBUG] [Étape ignorée] Cette opération de mise à jour a déjà été appliquée : \phpbb\db\migration\data\v32x\v328
[DEBUG] [Étape ignorée] Cette opération de mise à jour a déjà été appliquée : \phpbb\db\migration\data\v32x\v328rc1
[DEBUG] [Étape ignorée] Cette opération de mise à jour a déjà été appliquée : \phpbb\db\migration\data\v32x\v329
[DEBUG] [Étape ignorée] Cette opération de mise à jour a déjà été appliquée : \phpbb\db\migration\data\v32x\v329rc1
[DEBUG] [Étape ignorée] Cette opération de mise à jour a déjà été appliquée : \phpbb\db\migration\data\v330\add_display_unapproved_posts_config
[DEBUG] [Étape ignorée] Cette opération de mise à jour a déjà été appliquée : \phpbb\db\migration\data\v330\dev
[DEBUG] [Étape ignorée] Cette opération de mise à jour a déjà été appliquée : \phpbb\db\migration\data\v330\forums_legend_limit
[DEBUG] [Étape ignorée] Cette opération de mise à jour a déjà été appliquée : \phpbb\db\migration\data\v330\jquery_update
[DEBUG] [Étape ignorée] Cette opération de mise à jour a déjà été appliquée : \phpbb\db\migration\data\v330\remove_attachment_flash
[DEBUG] [Étape ignorée] Cette opération de mise à jour a déjà été appliquée : \phpbb\db\migration\data\v330\remove_email_hash
[DEBUG] [Étape ignorée] Cette opération de mise à jour a déjà été appliquée : \phpbb\db\migration\data\v330\remove_max_pass_chars
[DEBUG] [Étape ignorée] Cette opération de mise à jour a déjà été appliquée : \phpbb\db\migration\data\v330\reset_password
[DEBUG] [Étape ignorée] Cette opération de mise à jour a déjà été appliquée : \phpbb\db\migration\data\v330\v330
[DEBUG] [Étape ignorée] Cette opération de mise à jour a déjà été appliquée : \phpbb\db\migration\data\v330\v330b1
[DEBUG] [Étape ignorée] Cette opération de mise à jour a déjà été appliquée : \phpbb\db\migration\data\v330\v330b2
[DEBUG] [Étape ignorée] Cette opération de mise à jour a déjà été appliquée : \phpbb\db\migration\data\v330\v330rc1
[DEBUG] [Étape ignorée] Cette opération de mise à jour a déjà été appliquée : \phpbb\db\migration\data\v33x\add_notification_emails_table
[DEBUG] [Étape ignorée] Cette opération de mise à jour a déjà été appliquée : \phpbb\db\migration\data\v33x\bot_update
[DEBUG] [Étape ignorée] Cette opération de mise à jour a déjà été appliquée : \phpbb\db\migration\data\v33x\bot_update_v2
[DEBUG] [Étape ignorée] Cette opération de mise à jour a déjà été appliquée : \phpbb\db\migration\data\v33x\default_search_return_chars
[DEBUG] [Étape ignorée] Cette opération de mise à jour a déjà été appliquée : \phpbb\db\migration\data\v33x\extend_bbcode_tooltip
[DEBUG] [Étape ignorée] Cette opération de mise à jour a déjà été appliquée : \phpbb\db\migration\data\v33x\fix_display_unapproved_posts_config
[DEBUG] [Étape ignorée] Cette opération de mise à jour a déjà été appliquée : \phpbb\db\migration\data\v33x\font_awesome_5_rollback
[DEBUG] [Étape ignorée] Cette opération de mise à jour a déjà été appliquée : \phpbb\db\migration\data\v33x\font_awesome_5_update
[DEBUG] [Étape ignorée] Cette opération de mise à jour a déjà été appliquée : \phpbb\db\migration\data\v33x\google_recaptcha_v3
[DEBUG] [Étape ignorée] Cette opération de mise à jour a déjà été appliquée : \phpbb\db\migration\data\v33x\jquery_update
[DEBUG] [Étape ignorée] Cette opération de mise à jour a déjà été appliquée : \phpbb\db\migration\data\v33x\jquery_update_v2
[DEBUG] [Étape ignorée] Cette opération de mise à jour a déjà été appliquée : \phpbb\db\migration\data\v33x\profilefield_cleanup
[DEBUG] [Étape ignorée] Cette opération de mise à jour a déjà été appliquée : \phpbb\db\migration\data\v33x\profilefield_youtube_update
[DEBUG] [Étape ignorée] Cette opération de mise à jour a déjà été appliquée : \phpbb\db\migration\data\v33x\remove_orphaned_roles
[DEBUG] [Étape ignorée] Cette opération de mise à jour a déjà été appliquée : \phpbb\db\migration\data\v33x\remove_profilefield_aol
[DEBUG] [Étape ignorée] Cette opération de mise à jour a déjà été appliquée : \phpbb\db\migration\data\v33x\v331
[DEBUG] [Étape ignorée] Cette opération de mise à jour a déjà été appliquée : \phpbb\db\migration\data\v33x\v3310
[DEBUG] [Étape ignorée] Cette opération de mise à jour a déjà été appliquée : \phpbb\db\migration\data\v33x\v3310rc1
[DEBUG] [Étape ignorée] Cette opération de mise à jour a déjà été appliquée : \phpbb\db\migration\data\v33x\v331rc1
[DEBUG] [Étape ignorée] Cette opération de mise à jour a déjà été appliquée : \phpbb\db\migration\data\v33x\v332
[DEBUG] [Étape ignorée] Cette opération de mise à jour a déjà été appliquée : \phpbb\db\migration\data\v33x\v332rc1
[DEBUG] [Étape ignorée] Cette opération de mise à jour a déjà été appliquée : \phpbb\db\migration\data\v33x\v333
[DEBUG] [Étape ignorée] Cette opération de mise à jour a déjà été appliquée : \phpbb\db\migration\data\v33x\v333rc1
[DEBUG] [Étape ignorée] Cette opération de mise à jour a déjà été appliquée : \phpbb\db\migration\data\v33x\v334
[DEBUG] [Étape ignorée] Cette opération de mise à jour a déjà été appliquée : \phpbb\db\migration\data\v33x\v334rc1
[DEBUG] [Étape ignorée] Cette opération de mise à jour a déjà été appliquée : \phpbb\db\migration\data\v33x\v335
[DEBUG] [Étape ignorée] Cette opération de mise à jour a déjà été appliquée : \phpbb\db\migration\data\v33x\v335rc1
[DEBUG] [Étape ignorée] Cette opération de mise à jour a déjà été appliquée : \phpbb\db\migration\data\v33x\v336
[DEBUG] [Étape ignorée] Cette opération de mise à jour a déjà été appliquée : \phpbb\db\migration\data\v33x\v336rc1
[DEBUG] [Étape ignorée] Cette opération de mise à jour a déjà été appliquée : \phpbb\db\migration\data\v33x\v337
[DEBUG] [Étape ignorée] Cette opération de mise à jour a déjà été appliquée : \phpbb\db\migration\data\v33x\v338
[DEBUG] [Étape ignorée] Cette opération de mise à jour a déjà été appliquée : \phpbb\db\migration\data\v33x\v338rc1
[DEBUG] [Étape ignorée] Cette opération de mise à jour a déjà été appliquée : \phpbb\db\migration\data\v33x\v339
[DEBUG] [Étape ignorée] Cette opération de mise à jour a déjà été appliquée : \phpbb\db\migration\data\v33x\v339rc1
[DEBUG] [Étape ignorée] Cette opération de mise à jour a déjà été appliquée : \phpbb\db\migration\data\vJnM\attributes
[DEBUG] [Étape ignorée] Cette opération de mise à jour a déjà été appliquée : \phpbb\db\migration\data\vJnM\forums_experience
[DEBUG] Appliquer les dépendances de \phpbb\db\migration\data\vJnM\influence_points.
[DEBUG] Installation du schéma : \phpbb\db\migration\data\vJnM\influence_points.
[INFO] Schéma installé : \phpbb\db\migration\data\vJnM\influence_points ; Durée : 0.15 secondes
[DEBUG] [Étape ignorée] Cette opération de mise à jour a déjà été appliquée : \phpbb\db\migration\data\v30x\local_url_bbcode
[DEBUG] [Étape ignorée] Cette opération de mise à jour a déjà été appliquée : \phpbb\db\migration\data\v30x\release_3_0_0
[DEBUG] [Étape ignorée] Cette opération de mise à jour a déjà été appliquée : \phpbb\db\migration\data\v30x\release_3_0_1
[DEBUG] [Étape ignorée] Cette opération de mise à jour a déjà été appliquée : \phpbb\db\migration\data\v30x\release_3_0_10
[DEBUG] [Étape ignorée] Cette opération de mise à jour a déjà été appliquée : \phpbb\db\migration\data\v30x\release_3_0_10_rc1
[DEBUG] [Étape ignorée] Cette opération de mise à jour a déjà été appliquée : \phpbb\db\migration\data\v30x\release_3_0_10_rc2
[DEBUG] [Étape ignorée] Cette opération de mise à jour a déjà été appliquée : \phpbb\db\migration\data\v30x\release_3_0_10_rc3
[DEBUG] [Étape ignorée] Cette opération de mise à jour a déjà été appliquée : \phpbb\db\migration\data\v30x\release_3_0_11
[DEBUG] [Étape ignorée] Cette opération de mise à jour a déjà été appliquée : \phpbb\db\migration\data\v30x\release_3_0_11_rc1
[DEBUG] [Étape ignorée] Cette opération de mise à jour a déjà été appliquée : \phpbb\db\migration\data\v30x\release_3_0_11_rc2
[DEBUG] [Étape ignorée] Cette opération de mise à jour a déjà été appliquée : \phpbb\db\migration\data\v30x\release_3_0_12
[DEBUG] [Étape ignorée] Cette opération de mise à jour a déjà été appliquée : \phpbb\db\migration\data\v30x\release_3_0_12_rc1
[DEBUG] [Étape ignorée] Cette opération de mise à jour a déjà été appliquée : \phpbb\db\migration\data\v30x\release_3_0_12_rc2
[DEBUG] [Étape ignorée] Cette opération de mise à jour a déjà été appliquée : \phpbb\db\migration\data\v30x\release_3_0_12_rc3
[DEBUG] [Étape ignorée] Cette opération de mise à jour a déjà été appliquée : \phpbb\db\migration\data\v30x\release_3_0_13
[DEBUG] [Étape ignorée] Cette opération de mise à jour a déjà été appliquée : \phpbb\db\migration\data\v30x\release_3_0_13_pl1
[DEBUG] [Étape ignorée] Cette opération de mise à jour a déjà été appliquée : \phpbb\db\migration\data\v30x\release_3_0_13_rc1
[DEBUG] [Étape ignorée] Cette opération de mise à jour a déjà été appliquée : \phpbb\db\migration\data\v30x\release_3_0_14
[DEBUG] [Étape ignorée] Cette opération de mise à jour a déjà été appliquée : \phpbb\db\migration\data\v30x\release_3_0_14_rc1
[DEBUG] [Étape ignorée] Cette opération de mise à jour a déjà été appliquée : \phpbb\db\migration\data\v30x\release_3_0_1_rc1
[DEBUG] [Étape ignorée] Cette opération de mise à jour a déjà été appliquée : \phpbb\db\migration\data\v30x\release_3_0_2
[DEBUG] [Étape ignorée] Cette opération de mise à jour a déjà été appliquée : \phpbb\db\migration\data\v30x\release_3_0_2_rc1
[DEBUG] [Étape ignorée] Cette opération de mise à jour a déjà été appliquée : \phpbb\db\migration\data\v30x\release_3_0_2_rc2
[DEBUG] [Étape ignorée] Cette opération de mise à jour a déjà été appliquée : \phpbb\db\migration\data\v30x\release_3_0_3
[DEBUG] [Étape ignorée] Cette opération de mise à jour a déjà été appliquée : \phpbb\db\migration\data\v30x\release_3_0_3_rc1
[DEBUG] [Étape ignorée] Cette opération de mise à jour a déjà été appliquée : \phpbb\db\migration\data\v30x\release_3_0_4
[DEBUG] [Étape ignorée] Cette opération de mise à jour a déjà été appliquée : \phpbb\db\migration\data\v30x\release_3_0_4_rc1
[DEBUG] [Étape ignorée] Cette opération de mise à jour a déjà été appliquée : \phpbb\db\migration\data\v30x\release_3_0_5
[DEBUG] [Étape ignorée] Cette opération de mise à jour a déjà été appliquée : \phpbb\db\migration\data\v30x\release_3_0_5_rc1
[DEBUG] [Étape ignorée] Cette opération de mise à jour a déjà été appliquée : \phpbb\db\migration\data\v30x\release_3_0_5_rc1part2
[DEBUG] [Étape ignorée] Cette opération de mise à jour a déjà été appliquée : \phpbb\db\migration\data\v30x\release_3_0_6
[DEBUG] [Étape ignorée] Cette opération de mise à jour a déjà été appliquée : \phpbb\db\migration\data\v30x\release_3_0_6_rc1
[DEBUG] [Étape ignorée] Cette opération de mise à jour a déjà été appliquée : \phpbb\db\migration\data\v30x\release_3_0_6_rc2
[DEBUG] [Étape ignorée] Cette opération de mise à jour a déjà été appliquée : \phpbb\db\migration\data\v30x\release_3_0_6_rc3
[DEBUG] [Étape ignorée] Cette opération de mise à jour a déjà été appliquée : \phpbb\db\migration\data\v30x\release_3_0_6_rc4
[DEBUG] [Étape ignorée] Cette opération de mise à jour a déjà été appliquée : \phpbb\db\migration\data\v30x\release_3_0_7
[DEBUG] [Étape ignorée] Cette opération de mise à jour a déjà été appliquée : \phpbb\db\migration\data\v30x\release_3_0_7_pl1
[DEBUG] [Étape ignorée] Cette opération de mise à jour a déjà été appliquée : \phpbb\db\migration\data\v30x\release_3_0_7_rc1
[DEBUG] [Étape ignorée] Cette opération de mise à jour a déjà été appliquée : \phpbb\db\migration\data\v30x\release_3_0_7_rc2
[DEBUG] [Étape ignorée] Cette opération de mise à jour a déjà été appliquée : \phpbb\db\migration\data\v30x\release_3_0_8
[DEBUG] [Étape ignorée] Cette opération de mise à jour a déjà été appliquée : \phpbb\db\migration\data\v30x\release_3_0_8_rc1
[DEBUG] [Étape ignorée] Cette opération de mise à jour a déjà été appliquée : \phpbb\db\migration\data\v30x\release_3_0_9
[DEBUG] [Étape ignorée] Cette opération de mise à jour a déjà été appliquée : \phpbb\db\migration\data\v30x\release_3_0_9_rc1
[DEBUG] [Étape ignorée] Cette opération de mise à jour a déjà été appliquée : \phpbb\db\migration\data\v30x\release_3_0_9_rc2
[DEBUG] [Étape ignorée] Cette opération de mise à jour a déjà été appliquée : \phpbb\db\migration\data\v30x\release_3_0_9_rc3
[DEBUG] [Étape ignorée] Cette opération de mise à jour a déjà été appliquée : \phpbb\db\migration\data\v30x\release_3_0_9_rc4
[DEBUG] [Étape ignorée] Cette opération de mise à jour a déjà été appliquée : \phpbb\db\migration\data\v310\acp_prune_users_module
[DEBUG] [Étape ignorée] Cette opération de mise à jour a déjà été appliquée : \phpbb\db\migration\data\v310\acp_style_components_module
[DEBUG] [Étape ignorée] Cette opération de mise à jour a déjà été appliquée : \phpbb\db\migration\data\v310\allow_cdn
[DEBUG] [Étape ignorée] Cette opération de mise à jour a déjà été appliquée : \phpbb\db\migration\data\v310\alpha1
[DEBUG] [Étape ignorée] Cette opération de mise à jour a déjà été appliquée : \phpbb\db\migration\data\v310\alpha2
[DEBUG] [Étape ignorée] Cette opération de mise à jour a déjà été appliquée : \phpbb\db\migration\data\v310\alpha3
[DEBUG] [Étape ignorée] Cette opération de mise à jour a déjà été appliquée : \phpbb\db\migration\data\v310\auth_provider_oauth
[DEBUG] [Étape ignorée] Cette opération de mise à jour a déjà été appliquée : \phpbb\db\migration\data\v310\auth_provider_oauth2
[DEBUG] [Étape ignorée] Cette opération de mise à jour a déjà été appliquée : \phpbb\db\migration\data\v310\avatars
[DEBUG] [Étape ignorée] Cette opération de mise à jour a déjà été appliquée : \phpbb\db\migration\data\v310\avatar_types
[DEBUG] [Étape ignorée] Cette opération de mise à jour a déjà été appliquée : \phpbb\db\migration\data\v310\beta1
[DEBUG] [Étape ignorée] Cette opération de mise à jour a déjà été appliquée : \phpbb\db\migration\data\v310\beta2
[DEBUG] [Étape ignorée] Cette opération de mise à jour a déjà été appliquée : \phpbb\db\migration\data\v310\beta3
[DEBUG] [Étape ignorée] Cette opération de mise à jour a déjà été appliquée : \phpbb\db\migration\data\v310\beta4
[DEBUG] [Étape ignorée] Cette opération de mise à jour a déjà été appliquée : \phpbb\db\migration\data\v310\boardindex
[DEBUG] [Étape ignorée] Cette opération de mise à jour a déjà été appliquée : \phpbb\db\migration\data\v310\board_contact_name
[DEBUG] [Étape ignorée] Cette opération de mise à jour a déjà été appliquée : \phpbb\db\migration\data\v310\bot_update
[DEBUG] [Étape ignorée] Cette opération de mise à jour a déjà été appliquée : \phpbb\db\migration\data\v310\captcha_plugins
[DEBUG] [Étape ignorée] Cette opération de mise à jour a déjà été appliquée : \phpbb\db\migration\data\v310\config_db_text
[DEBUG] [Étape ignorée] Cette opération de mise à jour a déjà été appliquée : \phpbb\db\migration\data\v310\contact_admin_acp_module
[DEBUG] [Étape ignorée] Cette opération de mise à jour a déjà été appliquée : \phpbb\db\migration\data\v310\contact_admin_form
[DEBUG] [Étape ignorée] Cette opération de mise à jour a déjà été appliquée : \phpbb\db\migration\data\v310\dev
[DEBUG] [Étape ignorée] Cette opération de mise à jour a déjà été appliquée : \phpbb\db\migration\data\v310\extensions
[DEBUG] [Étape ignorée] Cette opération de mise à jour a déjà été appliquée : \phpbb\db\migration\data\v310\extensions_version_check_force_unstable
[DEBUG] [Étape ignorée] Cette opération de mise à jour a déjà été appliquée : \phpbb\db\migration\data\v310\forgot_password
[DEBUG] [Étape ignorée] Cette opération de mise à jour a déjà été appliquée : \phpbb\db\migration\data\v310\gold
[DEBUG] [Étape ignorée] Cette opération de mise à jour a déjà été appliquée : \phpbb\db\migration\data\v310\jquery_update
[DEBUG] [Étape ignorée] Cette opération de mise à jour a déjà été appliquée : \phpbb\db\migration\data\v310\jquery_update2
[DEBUG] [Étape ignorée] Cette opération de mise à jour a déjà été appliquée : \phpbb\db\migration\data\v310\live_searches_config
[DEBUG] [Étape ignorée] Cette opération de mise à jour a déjà été appliquée : \phpbb\db\migration\data\v310\migrations_table
[DEBUG] [Étape ignorée] Cette opération de mise à jour a déjà été appliquée : \phpbb\db\migration\data\v310\mod_rewrite
[DEBUG] [Étape ignorée] Cette opération de mise à jour a déjà été appliquée : \phpbb\db\migration\data\v310\mysql_fulltext_drop
[DEBUG] [Étape ignorée] Cette opération de mise à jour a déjà été appliquée : \phpbb\db\migration\data\v310\namespaces
[DEBUG] [Étape ignorée] Cette opération de mise à jour a déjà été appliquée : \phpbb\db\migration\data\v310\notifications
[DEBUG] [Étape ignorée] Cette opération de mise à jour a déjà été appliquée : \phpbb\db\migration\data\v310\notifications_cron
[DEBUG] [Étape ignorée] Cette opération de mise à jour a déjà été appliquée : \phpbb\db\migration\data\v310\notifications_cron_p2
[DEBUG] [Étape ignorée] Cette opération de mise à jour a déjà été appliquée : \phpbb\db\migration\data\v310\notifications_schema_fix
[DEBUG] [Étape ignorée] Cette opération de mise à jour a déjà été appliquée : \phpbb\db\migration\data\v310\notifications_use_full_name
[DEBUG] [Étape ignorée] Cette opération de mise à jour a déjà été appliquée : \phpbb\db\migration\data\v310\notification_options_reconvert
[DEBUG] [Étape ignorée] Cette opération de mise à jour a déjà été appliquée : \phpbb\db\migration\data\v310\passwords
[DEBUG] [Étape ignorée] Cette opération de mise à jour a déjà été appliquée : \phpbb\db\migration\data\v310\passwords_convert_p1
[DEBUG] [Étape ignorée] Cette opération de mise à jour a déjà été appliquée : \phpbb\db\migration\data\v310\passwords_convert_p2
[DEBUG] [Étape ignorée] Cette opération de mise à jour a déjà été appliquée : \phpbb\db\migration\data\v310\passwords_p2
[DEBUG] [Étape ignorée] Cette opération de mise à jour a déjà été appliquée : \phpbb\db\migration\data\v310\plupload
[DEBUG] [Étape ignorée] Cette opération de mise à jour a déjà été appliquée : \phpbb\db\migration\data\v310\postgres_fulltext_drop
[DEBUG] [Étape ignorée] Cette opération de mise à jour a déjà été appliquée : \phpbb\db\migration\data\v310\profilefield_aol
[DEBUG] [Étape ignorée] Cette opération de mise à jour a déjà été appliquée : \phpbb\db\migration\data\v310\profilefield_aol_cleanup
[DEBUG] [Étape ignorée] Cette opération de mise à jour a déjà été appliquée : \phpbb\db\migration\data\v310\profilefield_change_load_settings
[DEBUG] [Étape ignorée] Cette opération de mise à jour a déjà été appliquée : \phpbb\db\migration\data\v310\profilefield_cleanup
[DEBUG] [Étape ignorée] Cette opération de mise à jour a déjà été appliquée : \phpbb\db\migration\data\v310\profilefield_contact_field
[DEBUG] [Étape ignorée] Cette opération de mise à jour a déjà été appliquée : \phpbb\db\migration\data\v310\profilefield_facebook
[DEBUG] [Étape ignorée] Cette opération de mise à jour a déjà été appliquée : \phpbb\db\migration\data\v310\profilefield_field_validation_length
[DEBUG] [Étape ignorée] Cette opération de mise à jour a déjà été appliquée : \phpbb\db\migration\data\v310\profilefield_googleplus
[DEBUG] [Étape ignorée] Cette opération de mise à jour a déjà été appliquée : \phpbb\db\migration\data\v310\profilefield_icq
[DEBUG] [Étape ignorée] Cette opération de mise à jour a déjà été appliquée : \phpbb\db\migration\data\v310\profilefield_icq_cleanup
[DEBUG] [Étape ignorée] Cette opération de mise à jour a déjà été appliquée : \phpbb\db\migration\data\v310\profilefield_interests
[DEBUG] [Étape ignorée] Cette opération de mise à jour a déjà été appliquée : \phpbb\db\migration\data\v310\profilefield_location
[DEBUG] [Étape ignorée] Cette opération de mise à jour a déjà été appliquée : \phpbb\db\migration\data\v310\profilefield_location_cleanup
[DEBUG] [Étape ignorée] Cette opération de mise à jour a déjà été appliquée : \phpbb\db\migration\data\v310\profilefield_occupation
[DEBUG] [Étape ignorée] Cette opération de mise à jour a déjà été appliquée : \phpbb\db\migration\data\v310\profilefield_on_memberlist
[DEBUG] [Étape ignorée] Cette opération de mise à jour a déjà été appliquée : \phpbb\db\migration\data\v310\profilefield_show_novalue
[DEBUG] [Étape ignorée] Cette opération de mise à jour a déjà été appliquée : \phpbb\db\migration\data\v310\profilefield_skype
[DEBUG] [Étape ignorée] Cette opération de mise à jour a déjà été appliquée : \phpbb\db\migration\data\v310\profilefield_twitter
[DEBUG] [Étape ignorée] Cette opération de mise à jour a déjà été appliquée : \phpbb\db\migration\data\v310\profilefield_types
[DEBUG] [Étape ignorée] Cette opération de mise à jour a déjà été appliquée : \phpbb\db\migration\data\v310\profilefield_website
[DEBUG] [Étape ignorée] Cette opération de mise à jour a déjà été appliquée : \phpbb\db\migration\data\v310\profilefield_website_cleanup
[DEBUG] [Étape ignorée] Cette opération de mise à jour a déjà été appliquée : \phpbb\db\migration\data\v310\profilefield_wlm
[DEBUG] [Étape ignorée] Cette opération de mise à jour a déjà été appliquée : \phpbb\db\migration\data\v310\profilefield_wlm_cleanup
[DEBUG] [Étape ignorée] Cette opération de mise à jour a déjà été appliquée : \phpbb\db\migration\data\v310\profilefield_yahoo
[DEBUG] [Étape ignorée] Cette opération de mise à jour a déjà été appliquée : \phpbb\db\migration\data\v310\profilefield_yahoo_cleanup
[DEBUG] [Étape ignorée] Cette opération de mise à jour a déjà été appliquée : \phpbb\db\migration\data\v310\profilefield_youtube
[DEBUG] [Étape ignorée] Cette opération de mise à jour a déjà été appliquée : \phpbb\db\migration\data\v310\prune_shadow_topics
[DEBUG] [Étape ignorée] Cette opération de mise à jour a déjà été appliquée : \phpbb\db\migration\data\v310\rc1
[DEBUG] [Étape ignorée] Cette opération de mise à jour a déjà été appliquée : \phpbb\db\migration\data\v310\rc2
[DEBUG] [Étape ignorée] Cette opération de mise à jour a déjà été appliquée : \phpbb\db\migration\data\v310\rc3
[DEBUG] [Étape ignorée] Cette opération de mise à jour a déjà été appliquée : \phpbb\db\migration\data\v310\rc4
[DEBUG] [Étape ignorée] Cette opération de mise à jour a déjà été appliquée : \phpbb\db\migration\data\v310\rc5
[DEBUG] [Étape ignorée] Cette opération de mise à jour a déjà été appliquée : \phpbb\db\migration\data\v310\rc6
[DEBUG] [Étape ignorée] Cette opération de mise à jour a déjà été appliquée : \phpbb\db\migration\data\v310\remove_acp_styles_cache
[DEBUG] [Étape ignorée] Cette opération de mise à jour a déjà été appliquée : \phpbb\db\migration\data\v310\rename_too_long_indexes
[DEBUG] [Étape ignorée] Cette opération de mise à jour a déjà été appliquée : \phpbb\db\migration\data\v310\reported_posts_display
[DEBUG] [Étape ignorée] Cette opération de mise à jour a déjà été appliquée : \phpbb\db\migration\data\v310\reset_missing_captcha_plugin
[DEBUG] [Étape ignorée] Cette opération de mise à jour a déjà été appliquée : \phpbb\db\migration\data\v310\search_type
[DEBUG] [Étape ignorée] Cette opération de mise à jour a déjà été appliquée : \phpbb\db\migration\data\v310\signature_module_auth
[DEBUG] [Étape ignorée] Cette opération de mise à jour a déjà été appliquée : \phpbb\db\migration\data\v310\softdelete_mcp_modules
[DEBUG] [Étape ignorée] Cette opération de mise à jour a déjà été appliquée : \phpbb\db\migration\data\v310\softdelete_p1
[DEBUG] [Étape ignorée] Cette opération de mise à jour a déjà été appliquée : \phpbb\db\migration\data\v310\softdelete_p2
[DEBUG] [Étape ignorée] Cette opération de mise à jour a déjà été appliquée : \phpbb\db\migration\data\v310\soft_delete_mod_convert
[DEBUG] [Étape ignorée] Cette opération de mise à jour a déjà été appliquée : \phpbb\db\migration\data\v310\soft_delete_mod_convert2
[DEBUG] [Étape ignorée] Cette opération de mise à jour a déjà été appliquée : \phpbb\db\migration\data\v310\style_update_p1
[DEBUG] [Étape ignorée] Cette opération de mise à jour a déjà été appliquée : \phpbb\db\migration\data\v310\style_update_p2
[DEBUG] [Étape ignorée] Cette opération de mise à jour a déjà été appliquée : \phpbb\db\migration\data\v310\teampage
[DEBUG] [Étape ignorée] Cette opération de mise à jour a déjà été appliquée : \phpbb\db\migration\data\v310\timezone
[DEBUG] [Étape ignorée] Cette opération de mise à jour a déjà été appliquée : \phpbb\db\migration\data\v310\timezone_p2
[DEBUG] [Étape ignorée] Cette opération de mise à jour a déjà été appliquée : \phpbb\db\migration\data\v310\topic_sort_username
[DEBUG] [Étape ignorée] Cette opération de mise à jour a déjà été appliquée : \phpbb\db\migration\data\v310\ucp_popuppm_module
[DEBUG] [Étape ignorée] Cette opération de mise à jour a déjà été appliquée : \phpbb\db\migration\data\v31x\add_jabber_ssl_context_config_options
[DEBUG] [Étape ignorée] Cette opération de mise à jour a déjà été appliquée : \phpbb\db\migration\data\v31x\add_latest_topics_index
[DEBUG] [Étape ignorée] Cette opération de mise à jour a déjà été appliquée : \phpbb\db\migration\data\v31x\add_log_time_index
[DEBUG] [Étape ignorée] Cette opération de mise à jour a déjà été appliquée : \phpbb\db\migration\data\v31x\add_smtp_ssl_context_config_options
[DEBUG] [Étape ignorée] Cette opération de mise à jour a déjà été appliquée : \phpbb\db\migration\data\v31x\increase_size_of_dateformat
[DEBUG] [Étape ignorée] Cette opération de mise à jour a déjà été appliquée : \phpbb\db\migration\data\v31x\increase_size_of_emotion
[DEBUG] [Étape ignorée] Cette opération de mise à jour a déjà été appliquée : \phpbb\db\migration\data\v31x\m_pm_report
[DEBUG] [Étape ignorée] Cette opération de mise à jour a déjà été appliquée : \phpbb\db\migration\data\v31x\m_softdelete_global
[DEBUG] [Étape ignorée] Cette opération de mise à jour a déjà été appliquée : \phpbb\db\migration\data\v31x\plupload_last_gc_dynamic
[DEBUG] [Étape ignorée] Cette opération de mise à jour a déjà été appliquée : \phpbb\db\migration\data\v31x\profilefield_remove_underscore_from_alpha
[DEBUG] [Étape ignorée] Cette opération de mise à jour a déjà été appliquée : \phpbb\db\migration\data\v31x\profilefield_yahoo_update_url
[DEBUG] [Étape ignorée] Cette opération de mise à jour a déjà été appliquée : \phpbb\db\migration\data\v31x\remove_duplicate_migrations
[DEBUG] [Étape ignorée] Cette opération de mise à jour a déjà été appliquée : \phpbb\db\migration\data\v31x\style_update
[DEBUG] [Étape ignorée] Cette opération de mise à jour a déjà été appliquée : \phpbb\db\migration\data\v31x\update_custom_bbcodes_with_idn
[DEBUG] [Étape ignorée] Cette opération de mise à jour a déjà été appliquée : \phpbb\db\migration\data\v31x\update_hashes
[DEBUG] [Étape ignorée] Cette opération de mise à jour a déjà été appliquée : \phpbb\db\migration\data\v31x\v311
[DEBUG] [Étape ignorée] Cette opération de mise à jour a déjà été appliquée : \phpbb\db\migration\data\v31x\v3110
[DEBUG] [Étape ignorée] Cette opération de mise à jour a déjà été appliquée : \phpbb\db\migration\data\v31x\v3110rc1
[DEBUG] [Étape ignorée] Cette opération de mise à jour a déjà été appliquée : \phpbb\db\migration\data\v31x\v3111
[DEBUG] [Étape ignorée] Cette opération de mise à jour a déjà été appliquée : \phpbb\db\migration\data\v31x\v3111rc1
[DEBUG] [Étape ignorée] Cette opération de mise à jour a déjà été appliquée : \phpbb\db\migration\data\v31x\v3112
[DEBUG] [Étape ignorée] Cette opération de mise à jour a déjà été appliquée : \phpbb\db\migration\data\v31x\v312
[DEBUG] [Étape ignorée] Cette opération de mise à jour a déjà été appliquée : \phpbb\db\migration\data\v31x\v312rc1
[DEBUG] [Étape ignorée] Cette opération de mise à jour a déjà été appliquée : \phpbb\db\migration\data\v31x\v313
[DEBUG] [Étape ignorée] Cette opération de mise à jour a déjà été appliquée : \phpbb\db\migration\data\v31x\v313rc1
[DEBUG] [Étape ignorée] Cette opération de mise à jour a déjà été appliquée : \phpbb\db\migration\data\v31x\v313rc2
[DEBUG] [Étape ignorée] Cette opération de mise à jour a déjà été appliquée : \phpbb\db\migration\data\v31x\v314
[DEBUG] [Étape ignorée] Cette opération de mise à jour a déjà été appliquée : \phpbb\db\migration\data\v31x\v314rc1
[DEBUG] [Étape ignorée] Cette opération de mise à jour a déjà été appliquée : \phpbb\db\migration\data\v31x\v314rc2
[DEBUG] [Étape ignorée] Cette opération de mise à jour a déjà été appliquée : \phpbb\db\migration\data\v31x\v315
[DEBUG] [Étape ignorée] Cette opération de mise à jour a déjà été appliquée : \phpbb\db\migration\data\v31x\v315rc1
[DEBUG] [Étape ignorée] Cette opération de mise à jour a déjà été appliquée : \phpbb\db\migration\data\v31x\v316
[DEBUG] [Étape ignorée] Cette opération de mise à jour a déjà été appliquée : \phpbb\db\migration\data\v31x\v316rc1
[DEBUG] [Étape ignorée] Cette opération de mise à jour a déjà été appliquée : \phpbb\db\migration\data\v31x\v317
[DEBUG] [Étape ignorée] Cette opération de mise à jour a déjà été appliquée : \phpbb\db\migration\data\v31x\v317pl1
[DEBUG] [Étape ignorée] Cette opération de mise à jour a déjà été appliquée : \phpbb\db\migration\data\v31x\v317rc1
[DEBUG] [Étape ignorée] Cette opération de mise à jour a déjà été appliquée : \phpbb\db\migration\data\v31x\v318
[DEBUG] [Étape ignorée] Cette opération de mise à jour a déjà été appliquée : \phpbb\db\migration\data\v31x\v318rc1
[DEBUG] [Étape ignorée] Cette opération de mise à jour a déjà été appliquée : \phpbb\db\migration\data\v31x\v319
[DEBUG] [Étape ignorée] Cette opération de mise à jour a déjà été appliquée : \phpbb\db\migration\data\v31x\v319rc1
[DEBUG] [Étape ignorée] Cette opération de mise à jour a déjà été appliquée : \phpbb\db\migration\data\v320\add_help_phpbb
[DEBUG] [Étape ignorée] Cette opération de mise à jour a déjà été appliquée : \phpbb\db\migration\data\v320\allowed_schemes_links
[DEBUG] [Étape ignorée] Cette opération de mise à jour a déjà été appliquée : \phpbb\db\migration\data\v320\announce_global_permission
[DEBUG] [Étape ignorée] Cette opération de mise à jour a déjà été appliquée : \phpbb\db\migration\data\v320\cookie_notice
[DEBUG] [Étape ignorée] Cette opération de mise à jour a déjà été appliquée : \phpbb\db\migration\data\v320\default_data_type_ids
[DEBUG] [Étape ignorée] Cette opération de mise à jour a déjà été appliquée : \phpbb\db\migration\data\v320\dev
[DEBUG] [Étape ignorée] Cette opération de mise à jour a déjà été appliquée : \phpbb\db\migration\data\v320\font_awesome_update
[DEBUG] [Étape ignorée] Cette opération de mise à jour a déjà été appliquée : \phpbb\db\migration\data\v320\icons_alt
[DEBUG] [Étape ignorée] Cette opération de mise à jour a déjà été appliquée : \phpbb\db\migration\data\v320\log_post_id
[DEBUG] [Étape ignorée] Cette opération de mise à jour a déjà été appliquée : \phpbb\db\migration\data\v320\notifications_board
[DEBUG] [Étape ignorée] Cette opération de mise à jour a déjà été appliquée : \phpbb\db\migration\data\v320\oauth_states
[DEBUG] [Étape ignorée] Cette opération de mise à jour a déjà été appliquée : \phpbb\db\migration\data\v320\remote_upload_validation
[DEBUG] [Étape ignorée] Cette opération de mise à jour a déjà été appliquée : \phpbb\db\migration\data\v320\remove_outdated_media
[DEBUG] [Étape ignorée] Cette opération de mise à jour a déjà été appliquée : \phpbb\db\migration\data\v320\remove_profilefield_wlm
[DEBUG] [Étape ignorée] Cette opération de mise à jour a déjà été appliquée : \phpbb\db\migration\data\v320\report_id_auto_increment
[DEBUG] [Étape ignorée] Cette opération de mise à jour a déjà été appliquée : \phpbb\db\migration\data\v320\text_reparser
[DEBUG] [Étape ignorée] Cette opération de mise à jour a déjà été appliquée : \phpbb\db\migration\data\v320\v320
[DEBUG] [Étape ignorée] Cette opération de mise à jour a déjà été appliquée : \phpbb\db\migration\data\v320\v320a1
[DEBUG] [Étape ignorée] Cette opération de mise à jour a déjà été appliquée : \phpbb\db\migration\data\v320\v320a2
[DEBUG] [Étape ignorée] Cette opération de mise à jour a déjà été appliquée : \phpbb\db\migration\data\v320\v320b1
[DEBUG] [Étape ignorée] Cette opération de mise à jour a déjà été appliquée : \phpbb\db\migration\data\v320\v320b2
[DEBUG] [Étape ignorée] Cette opération de mise à jour a déjà été appliquée : \phpbb\db\migration\data\v320\v320rc1
[DEBUG] [Étape ignorée] Cette opération de mise à jour a déjà été appliquée : \phpbb\db\migration\data\v320\v320rc2
[DEBUG] [Étape ignorée] Cette opération de mise à jour a déjà été appliquée : \phpbb\db\migration\data\v32x\add_missing_config
[DEBUG] [Étape ignorée] Cette opération de mise à jour a déjà été appliquée : \phpbb\db\migration\data\v32x\add_plupload_config
[DEBUG] [Étape ignorée] Cette opération de mise à jour a déjà été appliquée : \phpbb\db\migration\data\v32x\cookie_notice_p2
[DEBUG] [Étape ignorée] Cette opération de mise à jour a déjà été appliquée : \phpbb\db\migration\data\v32x\disable_remote_avatar
[DEBUG] [Étape ignorée] Cette opération de mise à jour a déjà été appliquée : \phpbb\db\migration\data\v32x\email_force_sender
[DEBUG] [Étape ignorée] Cette opération de mise à jour a déjà été appliquée : \phpbb\db\migration\data\v32x\enable_accurate_pm_button
[DEBUG] [Étape ignorée] Cette opération de mise à jour a déjà été appliquée : \phpbb\db\migration\data\v32x\fix_user_styles
[DEBUG] [Étape ignorée] Cette opération de mise à jour a déjà été appliquée : \phpbb\db\migration\data\v32x\font_awesome_update_cdn
[DEBUG] [Étape ignorée] Cette opération de mise à jour a déjà été appliquée : \phpbb\db\migration\data\v32x\font_awesome_update_cdn_fix_depends_on
[DEBUG] [Étape ignorée] Cette opération de mise à jour a déjà été appliquée : \phpbb\db\migration\data\v32x\forum_topics_per_page_type
[DEBUG] [Étape ignorée] Cette opération de mise à jour a déjà été appliquée : \phpbb\db\migration\data\v32x\f_list_topics_permission_add
[DEBUG] [Étape ignorée] Cette opération de mise à jour a déjà été appliquée : \phpbb\db\migration\data\v32x\jquery_update
[DEBUG] [Étape ignorée] Cette opération de mise à jour a déjà été appliquée : \phpbb\db\migration\data\v32x\load_user_activity_limit
[DEBUG] [Étape ignorée] Cette opération de mise à jour a déjà été appliquée : \phpbb\db\migration\data\v32x\merge_duplicate_bbcodes
[DEBUG] [Étape ignorée] Cette opération de mise à jour a déjà été appliquée : \phpbb\db\migration\data\v32x\remove_imagick
[DEBUG] [Étape ignorée] Cette opération de mise à jour a déjà été appliquée : \phpbb\db\migration\data\v32x\smtp_dynamic_data
[DEBUG] [Étape ignorée] Cette opération de mise à jour a déjà été appliquée : \phpbb\db\migration\data\v32x\timezone_p3
[DEBUG] [Étape ignorée] Cette opération de mise à jour a déjà été appliquée : \phpbb\db\migration\data\v32x\update_prosilver_bitfield
[DEBUG] [Étape ignorée] Cette opération de mise à jour a déjà été appliquée : \phpbb\db\migration\data\v32x\user_emoji_permission
[DEBUG] [Étape ignorée] Cette opération de mise à jour a déjà été appliquée : \phpbb\db\migration\data\v32x\user_notifications_table_index_p1
[DEBUG] [Étape ignorée] Cette opération de mise à jour a déjà été appliquée : \phpbb\db\migration\data\v32x\user_notifications_table_index_p2
[DEBUG] [Étape ignorée] Cette opération de mise à jour a déjà été appliquée : \phpbb\db\migration\data\v32x\user_notifications_table_index_p3
[DEBUG] [Étape ignorée] Cette opération de mise à jour a déjà été appliquée : \phpbb\db\migration\data\v32x\user_notifications_table_reduce_column_sizes
[DEBUG] [Étape ignorée] Cette opération de mise à jour a déjà été appliquée : \phpbb\db\migration\data\v32x\user_notifications_table_remove_duplicates
[DEBUG] [Étape ignorée] Cette opération de mise à jour a déjà été appliquée : \phpbb\db\migration\data\v32x\user_notifications_table_temp_index
[DEBUG] [Étape ignorée] Cette opération de mise à jour a déjà été appliquée : \phpbb\db\migration\data\v32x\user_notifications_table_unique_index
[DEBUG] [Étape ignorée] Cette opération de mise à jour a déjà été appliquée : \phpbb\db\migration\data\v32x\v321
[DEBUG] [Étape ignorée] Cette opération de mise à jour a déjà été appliquée : \phpbb\db\migration\data\v32x\v3210
[DEBUG] [Étape ignorée] Cette opération de mise à jour a déjà été appliquée : \phpbb\db\migration\data\v32x\v3210rc1
[DEBUG] [Étape ignorée] Cette opération de mise à jour a déjà été appliquée : \phpbb\db\migration\data\v32x\v3210rc2
[DEBUG] [Étape ignorée] Cette opération de mise à jour a déjà été appliquée : \phpbb\db\migration\data\v32x\v3211
[DEBUG] [Étape ignorée] Cette opération de mise à jour a déjà été appliquée : \phpbb\db\migration\data\v32x\v321rc1
[DEBUG] [Étape ignorée] Cette opération de mise à jour a déjà été appliquée : \phpbb\db\migration\data\v32x\v322
[DEBUG] [Étape ignorée] Cette opération de mise à jour a déjà été appliquée : \phpbb\db\migration\data\v32x\v322rc1
[DEBUG] [Étape ignorée] Cette opération de mise à jour a déjà été appliquée : \phpbb\db\migration\data\v32x\v323
[DEBUG] [Étape ignorée] Cette opération de mise à jour a déjà été appliquée : \phpbb\db\migration\data\v32x\v323rc1
[DEBUG] [Étape ignorée] Cette opération de mise à jour a déjà été appliquée : \phpbb\db\migration\data\v32x\v323rc2
[DEBUG] [Étape ignorée] Cette opération de mise à jour a déjà été appliquée : \phpbb\db\migration\data\v32x\v324
[DEBUG] [Étape ignorée] Cette opération de mise à jour a déjà été appliquée : \phpbb\db\migration\data\v32x\v324rc1
[DEBUG] [Étape ignorée] Cette opération de mise à jour a déjà été appliquée : \phpbb\db\migration\data\v32x\v325
[DEBUG] [Étape ignorée] Cette opération de mise à jour a déjà été appliquée : \phpbb\db\migration\data\v32x\v325rc1
[DEBUG] [Étape ignorée] Cette opération de mise à jour a déjà été appliquée : \phpbb\db\migration\data\v32x\v326
[DEBUG] [Étape ignorée] Cette opération de mise à jour a déjà été appliquée : \phpbb\db\migration\data\v32x\v326rc1
[DEBUG] [Étape ignorée] Cette opération de mise à jour a déjà été appliquée : \phpbb\db\migration\data\v32x\v327
[DEBUG] [Étape ignorée] Cette opération de mise à jour a déjà été appliquée : \phpbb\db\migration\data\v32x\v327rc1
[DEBUG] [Étape ignorée] Cette opération de mise à jour a déjà été appliquée : \phpbb\db\migration\data\v32x\v328
[DEBUG] [Étape ignorée] Cette opération de mise à jour a déjà été appliquée : \phpbb\db\migration\data\v32x\v328rc1
[DEBUG] [Étape ignorée] Cette opération de mise à jour a déjà été appliquée : \phpbb\db\migration\data\v32x\v329
[DEBUG] [Étape ignorée] Cette opération de mise à jour a déjà été appliquée : \phpbb\db\migration\data\v32x\v329rc1
[DEBUG] [Étape ignorée] Cette opération de mise à jour a déjà été appliquée : \phpbb\db\migration\data\v330\add_display_unapproved_posts_config
[DEBUG] [Étape ignorée] Cette opération de mise à jour a déjà été appliquée : \phpbb\db\migration\data\v330\dev
[DEBUG] [Étape ignorée] Cette opération de mise à jour a déjà été appliquée : \phpbb\db\migration\data\v330\forums_legend_limit
[DEBUG] [Étape ignorée] Cette opération de mise à jour a déjà été appliquée : \phpbb\db\migration\data\v330\jquery_update
[DEBUG] [Étape ignorée] Cette opération de mise à jour a déjà été appliquée : \phpbb\db\migration\data\v330\remove_attachment_flash
[DEBUG] [Étape ignorée] Cette opération de mise à jour a déjà été appliquée : \phpbb\db\migration\data\v330\remove_email_hash
[DEBUG] [Étape ignorée] Cette opération de mise à jour a déjà été appliquée : \phpbb\db\migration\data\v330\remove_max_pass_chars
[DEBUG] [Étape ignorée] Cette opération de mise à jour a déjà été appliquée : \phpbb\db\migration\data\v330\reset_password
[DEBUG] [Étape ignorée] Cette opération de mise à jour a déjà été appliquée : \phpbb\db\migration\data\v330\v330
[DEBUG] [Étape ignorée] Cette opération de mise à jour a déjà été appliquée : \phpbb\db\migration\data\v330\v330b1
[DEBUG] [Étape ignorée] Cette opération de mise à jour a déjà été appliquée : \phpbb\db\migration\data\v330\v330b2
[DEBUG] [Étape ignorée] Cette opération de mise à jour a déjà été appliquée : \phpbb\db\migration\data\v330\v330rc1
[DEBUG] [Étape ignorée] Cette opération de mise à jour a déjà été appliquée : \phpbb\db\migration\data\v33x\add_notification_emails_table
[DEBUG] [Étape ignorée] Cette opération de mise à jour a déjà été appliquée : \phpbb\db\migration\data\v33x\bot_update
[DEBUG] [Étape ignorée] Cette opération de mise à jour a déjà été appliquée : \phpbb\db\migration\data\v33x\bot_update_v2
[DEBUG] [Étape ignorée] Cette opération de mise à jour a déjà été appliquée : \phpbb\db\migration\data\v33x\default_search_return_chars
[DEBUG] [Étape ignorée] Cette opération de mise à jour a déjà été appliquée : \phpbb\db\migration\data\v33x\extend_bbcode_tooltip
[DEBUG] [Étape ignorée] Cette opération de mise à jour a déjà été appliquée : \phpbb\db\migration\data\v33x\fix_display_unapproved_posts_config
[DEBUG] [Étape ignorée] Cette opération de mise à jour a déjà été appliquée : \phpbb\db\migration\data\v33x\font_awesome_5_rollback
[DEBUG] [Étape ignorée] Cette opération de mise à jour a déjà été appliquée : \phpbb\db\migration\data\v33x\font_awesome_5_update
[DEBUG] [Étape ignorée] Cette opération de mise à jour a déjà été appliquée : \phpbb\db\migration\data\v33x\google_recaptcha_v3
[DEBUG] [Étape ignorée] Cette opération de mise à jour a déjà été appliquée : \phpbb\db\migration\data\v33x\jquery_update
[DEBUG] [Étape ignorée] Cette opération de mise à jour a déjà été appliquée : \phpbb\db\migration\data\v33x\jquery_update_v2
[DEBUG] [Étape ignorée] Cette opération de mise à jour a déjà été appliquée : \phpbb\db\migration\data\v33x\profilefield_cleanup
[DEBUG] [Étape ignorée] Cette opération de mise à jour a déjà été appliquée : \phpbb\db\migration\data\v33x\profilefield_youtube_update
[DEBUG] [Étape ignorée] Cette opération de mise à jour a déjà été appliquée : \phpbb\db\migration\data\v33x\remove_orphaned_roles
[DEBUG] [Étape ignorée] Cette opération de mise à jour a déjà été appliquée : \phpbb\db\migration\data\v33x\remove_profilefield_aol
[DEBUG] [Étape ignorée] Cette opération de mise à jour a déjà été appliquée : \phpbb\db\migration\data\v33x\v331
[DEBUG] [Étape ignorée] Cette opération de mise à jour a déjà été appliquée : \phpbb\db\migration\data\v33x\v3310
[DEBUG] [Étape ignorée] Cette opération de mise à jour a déjà été appliquée : \phpbb\db\migration\data\v33x\v3310rc1
[DEBUG] [Étape ignorée] Cette opération de mise à jour a déjà été appliquée : \phpbb\db\migration\data\v33x\v331rc1
[DEBUG] [Étape ignorée] Cette opération de mise à jour a déjà été appliquée : \phpbb\db\migration\data\v33x\v332
[DEBUG] [Étape ignorée] Cette opération de mise à jour a déjà été appliquée : \phpbb\db\migration\data\v33x\v332rc1
[DEBUG] [Étape ignorée] Cette opération de mise à jour a déjà été appliquée : \phpbb\db\migration\data\v33x\v333
[DEBUG] [Étape ignorée] Cette opération de mise à jour a déjà été appliquée : \phpbb\db\migration\data\v33x\v333rc1
[DEBUG] [Étape ignorée] Cette opération de mise à jour a déjà été appliquée : \phpbb\db\migration\data\v33x\v334
[DEBUG] [Étape ignorée] Cette opération de mise à jour a déjà été appliquée : \phpbb\db\migration\data\v33x\v334rc1
[DEBUG] [Étape ignorée] Cette opération de mise à jour a déjà été appliquée : \phpbb\db\migration\data\v33x\v335
[DEBUG] [Étape ignorée] Cette opération de mise à jour a déjà été appliquée : \phpbb\db\migration\data\v33x\v335rc1
[DEBUG] [Étape ignorée] Cette opération de mise à jour a déjà été appliquée : \phpbb\db\migration\data\v33x\v336
[DEBUG] [Étape ignorée] Cette opération de mise à jour a déjà été appliquée : \phpbb\db\migration\data\v33x\v336rc1
[DEBUG] [Étape ignorée] Cette opération de mise à jour a déjà été appliquée : \phpbb\db\migration\data\v33x\v337
[DEBUG] [Étape ignorée] Cette opération de mise à jour a déjà été appliquée : \phpbb\db\migration\data\v33x\v338
[DEBUG] [Étape ignorée] Cette opération de mise à jour a déjà été appliquée : \phpbb\db\migration\data\v33x\v338rc1
[DEBUG] [Étape ignorée] Cette opération de mise à jour a déjà été appliquée : \phpbb\db\migration\data\v33x\v339
[DEBUG] [Étape ignorée] Cette opération de mise à jour a déjà été appliquée : \phpbb\db\migration\data\v33x\v339rc1
[DEBUG] [Étape ignorée] Cette opération de mise à jour a déjà été appliquée : \phpbb\db\migration\data\vJnM\attributes
[DEBUG] [Étape ignorée] Cette opération de mise à jour a déjà été appliquée : \phpbb\db\migration\data\vJnM\forums_experience
[DEBUG] Appliquer les dépendances de \phpbb\db\migration\data\vJnM\influence_points.
[DEBUG] Installation des données : \phpbb\db\migration\data\vJnM\influence_points.
[INFO] Données installées : \phpbb\db\migration\data\vJnM\influence_points ; Durée : 0.00 secondes
