[DEBUG] [Étape ignorée] Cette opération de mise à jour a déjà été appliquée : \phpbb\db\migration\data\v330\v330b1
[DEBUG] [Étape ignorée] Cette opération de mise à jour a déjà été appliquée : \phpbb\db\migration\data\v330\add_display_unapproved_posts_config
[DEBUG] [Étape ignorée] Cette opération de mise à jour a déjà été appliquée : \phpbb\db\migration\data\v330\remove_email_hash
[DEBUG] [Étape ignorée] Cette opération de mise à jour a déjà été appliquée : \phpbb\db\migration\data\v330\jquery_update
[DEBUG] [Étape ignorée] Cette opération de mise à jour a déjà été appliquée : \phpbb\db\migration\data\v330\v330b2
[DEBUG] [Étape ignorée] Cette opération de mise à jour a déjà été appliquée : \phpbb\db\migration\data\v330\remove_attachment_flash
[DEBUG] [Étape ignorée] Cette opération de mise à jour a déjà été appliquée : \phpbb\db\migration\data\v330\v330rc1
[DEBUG] [Étape ignorée] Cette opération de mise à jour a déjà été appliquée : \phpbb\db\migration\data\v330\dev
[DEBUG] [Étape ignorée] Cette opération de mise à jour a déjà été appliquée : \phpbb\db\migration\data\v330\reset_password
[DEBUG] [Étape ignorée] Cette opération de mise à jour a déjà été appliquée : \phpbb\db\migration\data\v330\remove_max_pass_chars
[DEBUG] [Étape ignorée] Cette opération de mise à jour a déjà été appliquée : \phpbb\db\migration\data\v330\v330
[DEBUG] [Étape ignorée] Cette opération de mise à jour a déjà été appliquée : \phpbb\db\migration\data\v330\forums_legend_limit
[DEBUG] [Étape ignorée] Cette opération de mise à jour a déjà été appliquée : \phpbb\db\migration\data\v320\oauth_states
[DEBUG] [Étape ignorée] Cette opération de mise à jour a déjà été appliquée : \phpbb\db\migration\data\v320\log_post_id
[DEBUG] [Étape ignorée] Cette opération de mise à jour a déjà été appliquée : \phpbb\db\migration\data\v320\v320
[DEBUG] [Étape ignorée] Cette opération de mise à jour a déjà été appliquée : \phpbb\db\migration\data\v320\cookie_notice
[DEBUG] [Étape ignorée] Cette opération de mise à jour a déjà été appliquée : \phpbb\db\migration\data\v320\add_help_phpbb
[DEBUG] [Étape ignorée] Cette opération de mise à jour a déjà été appliquée : \phpbb\db\migration\data\v320\remote_upload_validation
[DEBUG] [Étape ignorée] Cette opération de mise à jour a déjà été appliquée : \phpbb\db\migration\data\v320\v320rc1
[DEBUG] [Étape ignorée] Cette opération de mise à jour a déjà été appliquée : \phpbb\db\migration\data\v320\v320rc2
[DEBUG] [Étape ignorée] Cette opération de mise à jour a déjà été appliquée : \phpbb\db\migration\data\v320\default_data_type_ids
[DEBUG] [Étape ignorée] Cette opération de mise à jour a déjà été appliquée : \phpbb\db\migration\data\v320\announce_global_permission
[DEBUG] [Étape ignorée] Cette opération de mise à jour a déjà été appliquée : \phpbb\db\migration\data\v320\remove_outdated_media
[DEBUG] [Étape ignorée] Cette opération de mise à jour a déjà été appliquée : \phpbb\db\migration\data\v320\notifications_board
[DEBUG] [Étape ignorée] Cette opération de mise à jour a déjà été appliquée : \phpbb\db\migration\data\v320\icons_alt
[DEBUG] [Étape ignorée] Cette opération de mise à jour a déjà été appliquée : \phpbb\db\migration\data\v320\v320a1
[DEBUG] [Étape ignorée] Cette opération de mise à jour a déjà été appliquée : \phpbb\db\migration\data\v320\report_id_auto_increment
[DEBUG] [Étape ignorée] Cette opération de mise à jour a déjà été appliquée : \phpbb\db\migration\data\v320\v320b1
[DEBUG] [Étape ignorée] Cette opération de mise à jour a déjà été appliquée : \phpbb\db\migration\data\v320\dev
[DEBUG] [Étape ignorée] Cette opération de mise à jour a déjà été appliquée : \phpbb\db\migration\data\v320\allowed_schemes_links
[DEBUG] [Étape ignorée] Cette opération de mise à jour a déjà été appliquée : \phpbb\db\migration\data\v320\remove_profilefield_wlm
[DEBUG] [Étape ignorée] Cette opération de mise à jour a déjà été appliquée : \phpbb\db\migration\data\v320\text_reparser
[DEBUG] [Étape ignorée] Cette opération de mise à jour a déjà été appliquée : \phpbb\db\migration\data\v320\v320a2
[DEBUG] [Étape ignorée] Cette opération de mise à jour a déjà été appliquée : \phpbb\db\migration\data\v320\v320b2
[DEBUG] [Étape ignorée] Cette opération de mise à jour a déjà été appliquée : \phpbb\db\migration\data\v320\font_awesome_update
[DEBUG] [Étape ignorée] Cette opération de mise à jour a déjà été appliquée : \phpbb\db\migration\data\v33x\google_recaptcha_v3
[DEBUG] [Étape ignorée] Cette opération de mise à jour a déjà été appliquée : \phpbb\db\migration\data\v33x\v338
[DEBUG] [Étape ignorée] Cette opération de mise à jour a déjà été appliquée : \phpbb\db\migration\data\v33x\add_notification_emails_table
[DEBUG] [Étape ignorée] Cette opération de mise à jour a déjà été appliquée : \phpbb\db\migration\data\v33x\v339rc1
[DEBUG] [Étape ignorée] Cette opération de mise à jour a déjà été appliquée : \phpbb\db\migration\data\v33x\v339
[DEBUG] [Étape ignorée] Cette opération de mise à jour a déjà été appliquée : \phpbb\db\migration\data\v33x\v3310
[DEBUG] [Étape ignorée] Cette opération de mise à jour a déjà été appliquée : \phpbb\db\migration\data\v33x\default_search_return_chars
[DEBUG] [Étape ignorée] Cette opération de mise à jour a déjà été appliquée : \phpbb\db\migration\data\v33x\bot_update
[DEBUG] [Étape ignorée] Cette opération de mise à jour a déjà été appliquée : \phpbb\db\migration\data\v33x\v336
[DEBUG] [Étape ignorée] Cette opération de mise à jour a déjà été appliquée : \phpbb\db\migration\data\v33x\extend_bbcode_tooltip
[DEBUG] [Étape ignorée] Cette opération de mise à jour a déjà été appliquée : \phpbb\db\migration\data\v33x\v332rc1
[DEBUG] [Étape ignorée] Cette opération de mise à jour a déjà été appliquée : \phpbb\db\migration\data\v33x\jquery_update
[DEBUG] [Étape ignorée] Cette opération de mise à jour a déjà été appliquée : \phpbb\db\migration\data\v33x\v331rc1
[DEBUG] [Étape ignorée] Cette opération de mise à jour a déjà été appliquée : \phpbb\db\migration\data\v33x\bot_update_v2
[DEBUG] [Étape ignorée] Cette opération de mise à jour a déjà été appliquée : \phpbb\db\migration\data\v33x\v333rc1
[DEBUG] [Étape ignorée] Cette opération de mise à jour a déjà été appliquée : \phpbb\db\migration\data\v33x\v334
[DEBUG] [Étape ignorée] Cette opération de mise à jour a déjà été appliquée : \phpbb\db\migration\data\v33x\jquery_update_v2
[DEBUG] [Étape ignorée] Cette opération de mise à jour a déjà été appliquée : \phpbb\db\migration\data\v33x\v331
[DEBUG] [Étape ignorée] Cette opération de mise à jour a déjà été appliquée : \phpbb\db\migration\data\v33x\v336rc1
[DEBUG] [Étape ignorée] Cette opération de mise à jour a déjà été appliquée : \phpbb\db\migration\data\v33x\v332
[DEBUG] [Étape ignorée] Cette opération de mise à jour a déjà été appliquée : \phpbb\db\migration\data\v33x\v337
[DEBUG] [Étape ignorée] Cette opération de mise à jour a déjà été appliquée : \phpbb\db\migration\data\v33x\v335
[DEBUG] [Étape ignorée] Cette opération de mise à jour a déjà été appliquée : \phpbb\db\migration\data\v33x\v334rc1
[DEBUG] [Étape ignorée] Cette opération de mise à jour a déjà été appliquée : \phpbb\db\migration\data\v33x\font_awesome_5_update
[DEBUG] [Étape ignorée] Cette opération de mise à jour a déjà été appliquée : \phpbb\db\migration\data\v33x\font_awesome_5_rollback
[DEBUG] [Étape ignorée] Cette opération de mise à jour a déjà été appliquée : \phpbb\db\migration\data\v33x\v333
[DEBUG] [Étape ignorée] Cette opération de mise à jour a déjà été appliquée : \phpbb\db\migration\data\v33x\remove_orphaned_roles
[DEBUG] [Étape ignorée] Cette opération de mise à jour a déjà été appliquée : \phpbb\db\migration\data\v33x\v338rc1
[DEBUG] [Étape ignorée] Cette opération de mise à jour a déjà été appliquée : \phpbb\db\migration\data\v33x\v3310rc1
[DEBUG] [Étape ignorée] Cette opération de mise à jour a déjà été appliquée : \phpbb\db\migration\data\v33x\profilefield_youtube_update
[DEBUG] [Étape ignorée] Cette opération de mise à jour a déjà été appliquée : \phpbb\db\migration\data\v33x\remove_profilefield_aol
[DEBUG] [Étape ignorée] Cette opération de mise à jour a déjà été appliquée : \phpbb\db\migration\data\v33x\fix_display_unapproved_posts_config
[DEBUG] [Étape ignorée] Cette opération de mise à jour a déjà été appliquée : \phpbb\db\migration\data\v33x\v335rc1
[DEBUG] [Étape ignorée] Cette opération de mise à jour a déjà été appliquée : \phpbb\db\migration\data\v33x\profilefield_cleanup
[DEBUG] [Étape ignorée] Cette opération de mise à jour a déjà été appliquée : \phpbb\db\migration\data\v32x\v323rc1
[DEBUG] [Étape ignorée] Cette opération de mise à jour a déjà été appliquée : \phpbb\db\migration\data\v32x\v323rc2
[DEBUG] [Étape ignorée] Cette opération de mise à jour a déjà été appliquée : \phpbb\db\migration\data\v32x\v325rc1
[DEBUG] [Étape ignorée] Cette opération de mise à jour a déjà été appliquée : \phpbb\db\migration\data\v32x\v327rc1
[DEBUG] [Étape ignorée] Cette opération de mise à jour a déjà été appliquée : \phpbb\db\migration\data\v32x\v322rc1
[DEBUG] [Étape ignorée] Cette opération de mise à jour a déjà été appliquée : \phpbb\db\migration\data\v32x\v323
[DEBUG] [Étape ignorée] Cette opération de mise à jour a déjà été appliquée : \phpbb\db\migration\data\v32x\fix_user_styles
[DEBUG] [Étape ignorée] Cette opération de mise à jour a déjà été appliquée : \phpbb\db\migration\data\v32x\disable_remote_avatar
[DEBUG] [Étape ignorée] Cette opération de mise à jour a déjà été appliquée : \phpbb\db\migration\data\v32x\user_notifications_table_index_p1
[DEBUG] [Étape ignorée] Cette opération de mise à jour a déjà été appliquée : \phpbb\db\migration\data\v32x\v321
[DEBUG] [Étape ignorée] Cette opération de mise à jour a déjà été appliquée : \phpbb\db\migration\data\v32x\v329
[DEBUG] [Étape ignorée] Cette opération de mise à jour a déjà été appliquée : \phpbb\db\migration\data\v32x\user_notifications_table_unique_index
[DEBUG] [Étape ignorée] Cette opération de mise à jour a déjà été appliquée : \phpbb\db\migration\data\v32x\enable_accurate_pm_button
[DEBUG] [Étape ignorée] Cette opération de mise à jour a déjà été appliquée : \phpbb\db\migration\data\v32x\user_notifications_table_index_p3
[DEBUG] [Étape ignorée] Cette opération de mise à jour a déjà été appliquée : \phpbb\db\migration\data\v32x\v3210rc2
[DEBUG] [Étape ignorée] Cette opération de mise à jour a déjà été appliquée : \phpbb\db\migration\data\v32x\load_user_activity_limit
[DEBUG] [Étape ignorée] Cette opération de mise à jour a déjà été appliquée : \phpbb\db\migration\data\v32x\jquery_update
[DEBUG] [Étape ignorée] Cette opération de mise à jour a déjà été appliquée : \phpbb\db\migration\data\v32x\v326
[DEBUG] [Étape ignorée] Cette opération de mise à jour a déjà été appliquée : \phpbb\db\migration\data\v32x\remove_imagick
[DEBUG] [Étape ignorée] Cette opération de mise à jour a déjà été appliquée : \phpbb\db\migration\data\v32x\add_plupload_config
[DEBUG] [Étape ignorée] Cette opération de mise à jour a déjà été appliquée : \phpbb\db\migration\data\v32x\font_awesome_update_cdn_fix_depends_on
[DEBUG] [Étape ignorée] Cette opération de mise à jour a déjà été appliquée : \phpbb\db\migration\data\v32x\user_notifications_table_remove_duplicates
[DEBUG] [Étape ignorée] Cette opération de mise à jour a déjà été appliquée : \phpbb\db\migration\data\v32x\font_awesome_update_cdn
[DEBUG] [Étape ignorée] Cette opération de mise à jour a déjà été appliquée : \phpbb\db\migration\data\v32x\f_list_topics_permission_add
[DEBUG] [Étape ignorée] Cette opération de mise à jour a déjà été appliquée : \phpbb\db\migration\data\v32x\update_prosilver_bitfield
[DEBUG] [Étape ignorée] Cette opération de mise à jour a déjà été appliquée : \phpbb\db\migration\data\v32x\v327
[DEBUG] [Étape ignorée] Cette opération de mise à jour a déjà été appliquée : \phpbb\db\migration\data\v32x\v3211
[DEBUG] [Étape ignorée] Cette opération de mise à jour a déjà été appliquée : \phpbb\db\migration\data\v32x\merge_duplicate_bbcodes
[DEBUG] [Étape ignorée] Cette opération de mise à jour a déjà été appliquée : \phpbb\db\migration\data\v32x\user_emoji_permission
[DEBUG] [Étape ignorée] Cette opération de mise à jour a déjà été appliquée : \phpbb\db\migration\data\v32x\user_notifications_table_index_p2
[DEBUG] [Étape ignorée] Cette opération de mise à jour a déjà été appliquée : \phpbb\db\migration\data\v32x\v328
[DEBUG] [Étape ignorée] Cette opération de mise à jour a déjà été appliquée : \phpbb\db\migration\data\v32x\add_missing_config
[DEBUG] [Étape ignorée] Cette opération de mise à jour a déjà été appliquée : \phpbb\db\migration\data\v32x\user_notifications_table_reduce_column_sizes
[DEBUG] [Étape ignorée] Cette opération de mise à jour a déjà été appliquée : \phpbb\db\migration\data\v32x\timezone_p3
[DEBUG] [Étape ignorée] Cette opération de mise à jour a déjà été appliquée : \phpbb\db\migration\data\v32x\v324
[DEBUG] [Étape ignorée] Cette opération de mise à jour a déjà été appliquée : \phpbb\db\migration\data\v32x\forum_topics_per_page_type
[DEBUG] [Étape ignorée] Cette opération de mise à jour a déjà été appliquée : \phpbb\db\migration\data\v32x\v321rc1
[DEBUG] [Étape ignorée] Cette opération de mise à jour a déjà été appliquée : \phpbb\db\migration\data\v32x\cookie_notice_p2
[DEBUG] [Étape ignorée] Cette opération de mise à jour a déjà été appliquée : \phpbb\db\migration\data\v32x\smtp_dynamic_data
[DEBUG] [Étape ignorée] Cette opération de mise à jour a déjà été appliquée : \phpbb\db\migration\data\v32x\v324rc1
[DEBUG] [Étape ignorée] Cette opération de mise à jour a déjà été appliquée : \phpbb\db\migration\data\v32x\v329rc1
[DEBUG] [Étape ignorée] Cette opération de mise à jour a déjà été appliquée : \phpbb\db\migration\data\v32x\email_force_sender
[DEBUG] [Étape ignorée] Cette opération de mise à jour a déjà été appliquée : \phpbb\db\migration\data\v32x\user_notifications_table_temp_index
[DEBUG] [Étape ignorée] Cette opération de mise à jour a déjà été appliquée : \phpbb\db\migration\data\v32x\v3210rc1
[DEBUG] [Étape ignorée] Cette opération de mise à jour a déjà été appliquée : \phpbb\db\migration\data\v32x\v326rc1
[DEBUG] [Étape ignorée] Cette opération de mise à jour a déjà été appliquée : \phpbb\db\migration\data\v32x\v322
[DEBUG] [Étape ignorée] Cette opération de mise à jour a déjà été appliquée : \phpbb\db\migration\data\v32x\v328rc1
[DEBUG] [Étape ignorée] Cette opération de mise à jour a déjà été appliquée : \phpbb\db\migration\data\v32x\v3210
[DEBUG] [Étape ignorée] Cette opération de mise à jour a déjà été appliquée : \phpbb\db\migration\data\v32x\v325
[DEBUG] [Étape ignorée] Cette opération de mise à jour a déjà été appliquée : \phpbb\db\migration\data\v30x\release_3_0_8_rc1
[DEBUG] [Étape ignorée] Cette opération de mise à jour a déjà été appliquée : \phpbb\db\migration\data\v30x\release_3_0_0
[DEBUG] [Étape ignorée] Cette opération de mise à jour a déjà été appliquée : \phpbb\db\migration\data\v30x\release_3_0_10_rc1
[DEBUG] [Étape ignorée] Cette opération de mise à jour a déjà été appliquée : \phpbb\db\migration\data\v30x\release_3_0_6_rc4
[DEBUG] [Étape ignorée] Cette opération de mise à jour a déjà été appliquée : \phpbb\db\migration\data\v30x\release_3_0_12
[DEBUG] [Étape ignorée] Cette opération de mise à jour a déjà été appliquée : \phpbb\db\migration\data\v30x\release_3_0_2
[DEBUG] [Étape ignorée] Cette opération de mise à jour a déjà été appliquée : \phpbb\db\migration\data\v30x\release_3_0_6_rc2
[DEBUG] [Étape ignorée] Cette opération de mise à jour a déjà été appliquée : \phpbb\db\migration\data\v30x\release_3_0_6_rc1
[DEBUG] [Étape ignorée] Cette opération de mise à jour a déjà été appliquée : \phpbb\db\migration\data\v30x\release_3_0_7
[DEBUG] [Étape ignorée] Cette opération de mise à jour a déjà été appliquée : \phpbb\db\migration\data\v30x\release_3_0_9_rc3
[DEBUG] [Étape ignorée] Cette opération de mise à jour a déjà été appliquée : \phpbb\db\migration\data\v30x\release_3_0_1_rc1
[DEBUG] [Étape ignorée] Cette opération de mise à jour a déjà été appliquée : \phpbb\db\migration\data\v30x\release_3_0_3_rc1
[DEBUG] [Étape ignorée] Cette opération de mise à jour a déjà été appliquée : \phpbb\db\migration\data\v30x\release_3_0_12_rc3
[DEBUG] [Étape ignorée] Cette opération de mise à jour a déjà été appliquée : \phpbb\db\migration\data\v30x\release_3_0_6
[DEBUG] [Étape ignorée] Cette opération de mise à jour a déjà été appliquée : \phpbb\db\migration\data\v30x\release_3_0_10_rc2
[DEBUG] [Étape ignorée] Cette opération de mise à jour a déjà été appliquée : \phpbb\db\migration\data\v30x\release_3_0_1
[DEBUG] [Étape ignorée] Cette opération de mise à jour a déjà été appliquée : \phpbb\db\migration\data\v30x\release_3_0_9_rc4
[DEBUG] [Étape ignorée] Cette opération de mise à jour a déjà été appliquée : \phpbb\db\migration\data\v30x\release_3_0_14
[DEBUG] [Étape ignorée] Cette opération de mise à jour a déjà été appliquée : \phpbb\db\migration\data\v30x\local_url_bbcode
[DEBUG] [Étape ignorée] Cette opération de mise à jour a déjà été appliquée : \phpbb\db\migration\data\v30x\release_3_0_13
[DEBUG] [Étape ignorée] Cette opération de mise à jour a déjà été appliquée : \phpbb\db\migration\data\v30x\release_3_0_4_rc1
[DEBUG] [Étape ignorée] Cette opération de mise à jour a déjà été appliquée : \phpbb\db\migration\data\v30x\release_3_0_12_rc1
[DEBUG] [Étape ignorée] Cette opération de mise à jour a déjà été appliquée : \phpbb\db\migration\data\v30x\release_3_0_5_rc1part2
[DEBUG] [Étape ignorée] Cette opération de mise à jour a déjà été appliquée : \phpbb\db\migration\data\v30x\release_3_0_13_rc1
[DEBUG] [Étape ignorée] Cette opération de mise à jour a déjà été appliquée : \phpbb\db\migration\data\v30x\release_3_0_3
[DEBUG] [Étape ignorée] Cette opération de mise à jour a déjà été appliquée : \phpbb\db\migration\data\v30x\release_3_0_12_rc2
[DEBUG] [Étape ignorée] Cette opération de mise à jour a déjà été appliquée : \phpbb\db\migration\data\v30x\release_3_0_9_rc2
[DEBUG] [Étape ignorée] Cette opération de mise à jour a déjà été appliquée : \phpbb\db\migration\data\v30x\release_3_0_11_rc1
[DEBUG] [Étape ignorée] Cette opération de mise à jour a déjà été appliquée : \phpbb\db\migration\data\v30x\release_3_0_7_rc1
[DEBUG] [Étape ignorée] Cette opération de mise à jour a déjà été appliquée : \phpbb\db\migration\data\v30x\release_3_0_10
[DEBUG] [Étape ignorée] Cette opération de mise à jour a déjà été appliquée : \phpbb\db\migration\data\v30x\release_3_0_14_rc1
[DEBUG] [Étape ignorée] Cette opération de mise à jour a déjà été appliquée : \phpbb\db\migration\data\v30x\release_3_0_9
[DEBUG] [Étape ignorée] Cette opération de mise à jour a déjà été appliquée : \phpbb\db\migration\data\v30x\release_3_0_5
[DEBUG] [Étape ignorée] Cette opération de mise à jour a déjà été appliquée : \phpbb\db\migration\data\v30x\release_3_0_6_rc3
[DEBUG] [Étape ignorée] Cette opération de mise à jour a déjà été appliquée : \phpbb\db\migration\data\v30x\release_3_0_9_rc1
[DEBUG] [Étape ignorée] Cette opération de mise à jour a déjà été appliquée : \phpbb\db\migration\data\v30x\release_3_0_4
[DEBUG] [Étape ignorée] Cette opération de mise à jour a déjà été appliquée : \phpbb\db\migration\data\v30x\release_3_0_11
[DEBUG] [Étape ignorée] Cette opération de mise à jour a déjà été appliquée : \phpbb\db\migration\data\v30x\release_3_0_11_rc2
[DEBUG] [Étape ignorée] Cette opération de mise à jour a déjà été appliquée : \phpbb\db\migration\data\v30x\release_3_0_7_rc2
[DEBUG] [Étape ignorée] Cette opération de mise à jour a déjà été appliquée : \phpbb\db\migration\data\v30x\release_3_0_13_pl1
[DEBUG] [Étape ignorée] Cette opération de mise à jour a déjà été appliquée : \phpbb\db\migration\data\v30x\release_3_0_10_rc3
[DEBUG] [Étape ignorée] Cette opération de mise à jour a déjà été appliquée : \phpbb\db\migration\data\v30x\release_3_0_8
[DEBUG] [Étape ignorée] Cette opération de mise à jour a déjà été appliquée : \phpbb\db\migration\data\v30x\release_3_0_5_rc1
[DEBUG] [Étape ignorée] Cette opération de mise à jour a déjà été appliquée : \phpbb\db\migration\data\v30x\release_3_0_2_rc1
[DEBUG] [Étape ignorée] Cette opération de mise à jour a déjà été appliquée : \phpbb\db\migration\data\v30x\release_3_0_7_pl1
[DEBUG] [Étape ignorée] Cette opération de mise à jour a déjà été appliquée : \phpbb\db\migration\data\v30x\release_3_0_2_rc2
[DEBUG] [Étape ignorée] Cette opération de mise à jour a déjà été appliquée : \phpbb\db\migration\data\vJnM\shop_taijutsu_v2
[DEBUG] [Étape ignorée] Cette opération de mise à jour a déjà été appliquée : \phpbb\db\migration\data\vJnM\attributes
[DEBUG] [Étape ignorée] Cette opération de mise à jour a déjà été appliquée : \phpbb\db\migration\data\vJnM\techniques_v3
[DEBUG] [Étape ignorée] Cette opération de mise à jour a déjà été appliquée : \phpbb\db\migration\data\vJnM\relationships_v1
[DEBUG] [Étape ignorée] Cette opération de mise à jour a déjà été appliquée : \phpbb\db\migration\data\vJnM\shop_genjutsu_v1
[DEBUG] [Étape ignorée] Cette opération de mise à jour a déjà été appliquée : \phpbb\db\migration\data\vJnM\level_attributes_experience
[DEBUG] [Étape ignorée] Cette opération de mise à jour a déjà été appliquée : \phpbb\db\migration\data\vJnM\forums_experience
[DEBUG] [Étape ignorée] Cette opération de mise à jour a déjà été appliquée : \phpbb\db\migration\data\vJnM\techniques
[DEBUG] Appliquer les dépendances de \phpbb\db\migration\data\vJnM\ft_kuchiyose.
[DEBUG] Installation du schéma : \phpbb\db\migration\data\vJnM\ft_kuchiyose.
